::1 - - [16/May/2018:17:57:22 +0000] "GET /users/ADMIN HTTP/1.1" 200 237 "-" "Mozilla/5.0 (X11; Linux x86_64) AppleWebKit/537.36 (KHTML, like Gecko) Chrome/60.0.3112.90 Safari/537.36"
::1 - - [16/May/2018:18:07:03 +0000] "GET / HTTP/1.1" 304 - "-" "Mozilla/5.0 (X11; Linux x86_64) AppleWebKit/537.36 (KHTML, like Gecko) Chrome/60.0.3112.90 Safari/537.36"
::1 - - [16/May/2018:18:07:03 +0000] "GET /libs/angular-object-table/build/object-table-style.css HTTP/1.1" 304 - "http://localhost:7070/" "Mozilla/5.0 (X11; Linux x86_64) AppleWebKit/537.36 (KHTML, like Gecko) Chrome/60.0.3112.90 Safari/537.36"
::1 - - [16/May/2018:18:07:03 +0000] "GET /libs/bootstrap/dist/css/bootstrap.css HTTP/1.1" 304 - "http://localhost:7070/" "Mozilla/5.0 (X11; Linux x86_64) AppleWebKit/537.36 (KHTML, like Gecko) Chrome/60.0.3112.90 Safari/537.36"
::1 - - [16/May/2018:18:07:03 +0000] "GET /libs/chosen/chosen.css HTTP/1.1" 304 - "http://localhost:7070/" "Mozilla/5.0 (X11; Linux x86_64) AppleWebKit/537.36 (KHTML, like Gecko) Chrome/60.0.3112.90 Safari/537.36"
::1 - - [16/May/2018:18:07:03 +0000] "GET /libs/jquery/dist/jquery.js HTTP/1.1" 304 - "http://localhost:7070/" "Mozilla/5.0 (X11; Linux x86_64) AppleWebKit/537.36 (KHTML, like Gecko) Chrome/60.0.3112.90 Safari/537.36"
::1 - - [16/May/2018:18:07:03 +0000] "GET /libs/angular/angular.js HTTP/1.1" 304 - "http://localhost:7070/" "Mozilla/5.0 (X11; Linux x86_64) AppleWebKit/537.36 (KHTML, like Gecko) Chrome/60.0.3112.90 Safari/537.36"
::1 - - [16/May/2018:18:07:03 +0000] "GET /libs/bootstrap/dist/js/bootstrap.js HTTP/1.1" 304 - "http://localhost:7070/" "Mozilla/5.0 (X11; Linux x86_64) AppleWebKit/537.36 (KHTML, like Gecko) Chrome/60.0.3112.90 Safari/537.36"
::1 - - [16/May/2018:18:07:03 +0000] "GET /libs/angular-object-table/build/object-table.js HTTP/1.1" 304 - "http://localhost:7070/" "Mozilla/5.0 (X11; Linux x86_64) AppleWebKit/537.36 (KHTML, like Gecko) Chrome/60.0.3112.90 Safari/537.36"
::1 - - [16/May/2018:18:07:03 +0000] "GET /libs/chosen/chosen.jquery.js HTTP/1.1" 304 - "http://localhost:7070/" "Mozilla/5.0 (X11; Linux x86_64) AppleWebKit/537.36 (KHTML, like Gecko) Chrome/60.0.3112.90 Safari/537.36"
::1 - - [16/May/2018:18:07:03 +0000] "GET /libs/angular-chosen-localytics/dist/angular-chosen.min.js HTTP/1.1" 304 - "http://localhost:7070/" "Mozilla/5.0 (X11; Linux x86_64) AppleWebKit/537.36 (KHTML, like Gecko) Chrome/60.0.3112.90 Safari/537.36"
::1 - - [16/May/2018:18:07:03 +0000] "GET /libs/angular-ui-router/release/angular-ui-router.js HTTP/1.1" 304 - "http://localhost:7070/" "Mozilla/5.0 (X11; Linux x86_64) AppleWebKit/537.36 (KHTML, like Gecko) Chrome/60.0.3112.90 Safari/537.36"
::1 - - [16/May/2018:18:07:03 +0000] "GET /libs/angular-resource/angular-resource.js HTTP/1.1" 304 - "http://localhost:7070/" "Mozilla/5.0 (X11; Linux x86_64) AppleWebKit/537.36 (KHTML, like Gecko) Chrome/60.0.3112.90 Safari/537.36"
::1 - - [16/May/2018:18:07:03 +0000] "GET /libs/angular-bootstrap/ui-bootstrap-tpls.js HTTP/1.1" 304 - "http://localhost:7070/" "Mozilla/5.0 (X11; Linux x86_64) AppleWebKit/537.36 (KHTML, like Gecko) Chrome/60.0.3112.90 Safari/537.36"
::1 - - [16/May/2018:18:07:03 +0000] "GET /scripts/angMod.js HTTP/1.1" 304 - "http://localhost:7070/" "Mozilla/5.0 (X11; Linux x86_64) AppleWebKit/537.36 (KHTML, like Gecko) Chrome/60.0.3112.90 Safari/537.36"
::1 - - [16/May/2018:18:07:03 +0000] "GET /pages/general/login.html HTTP/1.1" 304 - "http://localhost:7070/" "Mozilla/5.0 (X11; Linux x86_64) AppleWebKit/537.36 (KHTML, like Gecko) Chrome/60.0.3112.90 Safari/537.36"
::1 - - [16/May/2018:18:07:14 +0000] "POST /authenticate HTTP/1.1" 200 288 "http://localhost:7070/" "Mozilla/5.0 (X11; Linux x86_64) AppleWebKit/537.36 (KHTML, like Gecko) Chrome/60.0.3112.90 Safari/537.36"
::1 - - [16/May/2018:18:07:14 +0000] "GET /loggedInUser HTTP/1.1" 304 - "http://localhost:7070/" "Mozilla/5.0 (X11; Linux x86_64) AppleWebKit/537.36 (KHTML, like Gecko) Chrome/60.0.3112.90 Safari/537.36"
::1 - - [16/May/2018:18:07:14 +0000] "GET /pages/general/menu.html HTTP/1.1" 304 - "http://localhost:7070/" "Mozilla/5.0 (X11; Linux x86_64) AppleWebKit/537.36 (KHTML, like Gecko) Chrome/60.0.3112.90 Safari/537.36"
::1 - - [16/May/2018:18:07:14 +0000] "GET /pages/user/users.html HTTP/1.1" 304 - "http://localhost:7070/" "Mozilla/5.0 (X11; Linux x86_64) AppleWebKit/537.36 (KHTML, like Gecko) Chrome/60.0.3112.90 Safari/537.36"
::1 - - [16/May/2018:18:07:15 +0000] "GET /users/ADMIN HTTP/1.1" 304 - "http://localhost:7070/" "Mozilla/5.0 (X11; Linux x86_64) AppleWebKit/537.36 (KHTML, like Gecko) Chrome/60.0.3112.90 Safari/537.36"
::1 - - [16/May/2018:18:07:15 +0000] "GET /libs/bootstrap/dist/fonts/glyphicons-halflings-regular.woff HTTP/1.1" 304 - "http://localhost:7070/libs/bootstrap/dist/css/bootstrap.css" "Mozilla/5.0 (X11; Linux x86_64) AppleWebKit/537.36 (KHTML, like Gecko) Chrome/60.0.3112.90 Safari/537.36"
::1 - - [13/Sep/2018:08:13:30 +0000] "GET / HTTP/1.1" 200 1171 "-" "Mozilla/5.0 (X11; Linux x86_64) AppleWebKit/537.36 (KHTML, like Gecko) Chrome/60.0.3112.90 Safari/537.36"
::1 - - [13/Sep/2018:08:13:30 +0000] "GET /libs/angular-object-table/build/object-table-style.css HTTP/1.1" 200 5074 "http://localhost:7070/" "Mozilla/5.0 (X11; Linux x86_64) AppleWebKit/537.36 (KHTML, like Gecko) Chrome/60.0.3112.90 Safari/537.36"
::1 - - [13/Sep/2018:08:13:30 +0000] "GET /libs/bootstrap/dist/css/bootstrap.css HTTP/1.1" 200 121220 "http://localhost:7070/" "Mozilla/5.0 (X11; Linux x86_64) AppleWebKit/537.36 (KHTML, like Gecko) Chrome/60.0.3112.90 Safari/537.36"
::1 - - [13/Sep/2018:08:13:30 +0000] "GET /libs/chosen/chosen.css HTTP/1.1" 200 13270 "http://localhost:7070/" "Mozilla/5.0 (X11; Linux x86_64) AppleWebKit/537.36 (KHTML, like Gecko) Chrome/60.0.3112.90 Safari/537.36"
::1 - - [13/Sep/2018:08:13:30 +0000] "GET /libs/bootstrap/dist/js/bootstrap.js HTTP/1.1" 200 55258 "http://localhost:7070/" "Mozilla/5.0 (X11; Linux x86_64) AppleWebKit/537.36 (KHTML, like Gecko) Chrome/60.0.3112.90 Safari/537.36"
::1 - - [13/Sep/2018:08:13:30 +0000] "GET /libs/angular-object-table/build/object-table.js HTTP/1.1" 200 12641 "http://localhost:7070/" "Mozilla/5.0 (X11; Linux x86_64) AppleWebKit/537.36 (KHTML, like Gecko) Chrome/60.0.3112.90 Safari/537.36"
::1 - - [13/Sep/2018:08:13:30 +0000] "GET /libs/jquery/dist/jquery.js HTTP/1.1" 200 257551 "http://localhost:7070/" "Mozilla/5.0 (X11; Linux x86_64) AppleWebKit/537.36 (KHTML, like Gecko) Chrome/60.0.3112.90 Safari/537.36"
::1 - - [13/Sep/2018:08:13:30 +0000] "GET /libs/chosen/chosen.jquery.js HTTP/1.1" 200 44437 "http://localhost:7070/" "Mozilla/5.0 (X11; Linux x86_64) AppleWebKit/537.36 (KHTML, like Gecko) Chrome/60.0.3112.90 Safari/537.36"
::1 - - [13/Sep/2018:08:13:31 +0000] "GET /libs/angular-chosen-localytics/dist/angular-chosen.min.js HTTP/1.1" 200 2996 "http://localhost:7070/" "Mozilla/5.0 (X11; Linux x86_64) AppleWebKit/537.36 (KHTML, like Gecko) Chrome/60.0.3112.90 Safari/537.36"
::1 - - [13/Sep/2018:08:13:31 +0000] "GET /libs/angular-ui-router/release/angular-ui-router.js HTTP/1.1" 200 169870 "http://localhost:7070/" "Mozilla/5.0 (X11; Linux x86_64) AppleWebKit/537.36 (KHTML, like Gecko) Chrome/60.0.3112.90 Safari/537.36"
::1 - - [13/Sep/2018:08:13:31 +0000] "GET /libs/angular-resource/angular-resource.js HTTP/1.1" 200 28127 "http://localhost:7070/" "Mozilla/5.0 (X11; Linux x86_64) AppleWebKit/537.36 (KHTML, like Gecko) Chrome/60.0.3112.90 Safari/537.36"
::1 - - [13/Sep/2018:08:13:31 +0000] "GET /scripts/angMod.js HTTP/1.1" 200 11676 "http://localhost:7070/" "Mozilla/5.0 (X11; Linux x86_64) AppleWebKit/537.36 (KHTML, like Gecko) Chrome/60.0.3112.90 Safari/537.36"
::1 - - [13/Sep/2018:08:13:31 +0000] "GET /libs/angular/angular.js HTTP/1.1" 200 1100452 "http://localhost:7070/" "Mozilla/5.0 (X11; Linux x86_64) AppleWebKit/537.36 (KHTML, like Gecko) Chrome/60.0.3112.90 Safari/537.36"
::1 - - [13/Sep/2018:08:13:31 +0000] "GET /libs/angular-bootstrap/ui-bootstrap-tpls.js HTTP/1.1" 200 262969 "http://localhost:7070/" "Mozilla/5.0 (X11; Linux x86_64) AppleWebKit/537.36 (KHTML, like Gecko) Chrome/60.0.3112.90 Safari/537.36"
::1 - - [13/Sep/2018:08:13:31 +0000] "GET /pages/general/login.html HTTP/1.1" 200 2709 "http://localhost:7070/" "Mozilla/5.0 (X11; Linux x86_64) AppleWebKit/537.36 (KHTML, like Gecko) Chrome/60.0.3112.90 Safari/537.36"
::1 - - [13/Sep/2018:08:13:31 +0000] "GET /favicon.ico HTTP/1.1" 404 150 "http://localhost:7070/" "Mozilla/5.0 (X11; Linux x86_64) AppleWebKit/537.36 (KHTML, like Gecko) Chrome/60.0.3112.90 Safari/537.36"
::1 - - [13/Sep/2018:08:15:53 +0000] "POST /authenticate HTTP/1.1" 400 46 "http://localhost:7070/" "Mozilla/5.0 (X11; Linux x86_64) AppleWebKit/537.36 (KHTML, like Gecko) Chrome/60.0.3112.90 Safari/537.36"
::1 - - [13/Sep/2018:08:16:00 +0000] "POST /authenticate HTTP/1.1" 400 46 "http://localhost:7070/" "Mozilla/5.0 (X11; Linux x86_64) AppleWebKit/537.36 (KHTML, like Gecko) Chrome/60.0.3112.90 Safari/537.36"
::1 - - [13/Sep/2018:08:20:31 +0000] "POST /authenticate HTTP/1.1" 200 288 "http://localhost:7070/" "Mozilla/5.0 (X11; Linux x86_64) AppleWebKit/537.36 (KHTML, like Gecko) Chrome/60.0.3112.90 Safari/537.36"
::1 - - [13/Sep/2018:08:20:31 +0000] "GET /loggedInUser HTTP/1.1" 200 288 "http://localhost:7070/" "Mozilla/5.0 (X11; Linux x86_64) AppleWebKit/537.36 (KHTML, like Gecko) Chrome/60.0.3112.90 Safari/537.36"
::1 - - [13/Sep/2018:08:20:31 +0000] "GET /pages/general/menu.html HTTP/1.1" 200 1534 "http://localhost:7070/" "Mozilla/5.0 (X11; Linux x86_64) AppleWebKit/537.36 (KHTML, like Gecko) Chrome/60.0.3112.90 Safari/537.36"
::1 - - [13/Sep/2018:08:20:31 +0000] "GET /pages/user/users.html HTTP/1.1" 200 1856 "http://localhost:7070/" "Mozilla/5.0 (X11; Linux x86_64) AppleWebKit/537.36 (KHTML, like Gecko) Chrome/60.0.3112.90 Safari/537.36"
::1 - - [13/Sep/2018:08:20:31 +0000] "GET /users/ADMIN HTTP/1.1" 200 237 "http://localhost:7070/" "Mozilla/5.0 (X11; Linux x86_64) AppleWebKit/537.36 (KHTML, like Gecko) Chrome/60.0.3112.90 Safari/537.36"
::1 - - [13/Sep/2018:08:20:31 +0000] "GET /libs/bootstrap/dist/fonts/glyphicons-halflings-regular.woff HTTP/1.1" 200 23320 "http://localhost:7070/libs/bootstrap/dist/css/bootstrap.css" "Mozilla/5.0 (X11; Linux x86_64) AppleWebKit/537.36 (KHTML, like Gecko) Chrome/60.0.3112.90 Safari/537.36"
::1 - - [13/Sep/2018:08:20:36 +0000] "GET /libs/angular-object-table/build/object-table-style.css HTTP/1.1" 304 - "http://localhost:7070/" "Mozilla/5.0 (X11; Linux x86_64) AppleWebKit/537.36 (KHTML, like Gecko) Chrome/60.0.3112.90 Safari/537.36"
::1 - - [13/Sep/2018:08:20:36 +0000] "GET /libs/bootstrap/dist/css/bootstrap.css HTTP/1.1" 304 - "http://localhost:7070/" "Mozilla/5.0 (X11; Linux x86_64) AppleWebKit/537.36 (KHTML, like Gecko) Chrome/60.0.3112.90 Safari/537.36"
::1 - - [13/Sep/2018:08:20:36 +0000] "GET /libs/chosen/chosen.css HTTP/1.1" 304 - "http://localhost:7070/" "Mozilla/5.0 (X11; Linux x86_64) AppleWebKit/537.36 (KHTML, like Gecko) Chrome/60.0.3112.90 Safari/537.36"
::1 - - [13/Sep/2018:08:20:36 +0000] "GET /libs/bootstrap/dist/css/bootstrap.css.map HTTP/1.1" 200 245960 "-" "Mozilla/5.0 (X11; Linux x86_64) AppleWebKit/537.36 (KHTML, like Gecko) Chrome/60.0.3112.90 Safari/537.36"
::1 - - [13/Sep/2018:08:23:48 +0000] "GET /pages/book/books.html HTTP/1.1" 200 1749 "http://localhost:7070/" "Mozilla/5.0 (X11; Linux x86_64) AppleWebKit/537.36 (KHTML, like Gecko) Chrome/60.0.3112.90 Safari/537.36"
::1 - - [13/Sep/2018:08:23:49 +0000] "GET /books HTTP/1.1" 200 2 "http://localhost:7070/" "Mozilla/5.0 (X11; Linux x86_64) AppleWebKit/537.36 (KHTML, like Gecko) Chrome/60.0.3112.90 Safari/537.36"
::1 - - [13/Sep/2018:08:23:52 +0000] "GET /pages/book/book.html HTTP/1.1" 200 1595 "http://localhost:7070/" "Mozilla/5.0 (X11; Linux x86_64) AppleWebKit/537.36 (KHTML, like Gecko) Chrome/60.0.3112.90 Safari/537.36"
::1 - - [13/Sep/2018:08:24:09 +0000] "POST /book HTTP/1.1" 200 196 "http://localhost:7070/" "Mozilla/5.0 (X11; Linux x86_64) AppleWebKit/537.36 (KHTML, like Gecko) Chrome/60.0.3112.90 Safari/537.36"
::1 - - [13/Sep/2018:08:24:09 +0000] "GET /books HTTP/1.1" 200 198 "http://localhost:7070/" "Mozilla/5.0 (X11; Linux x86_64) AppleWebKit/537.36 (KHTML, like Gecko) Chrome/60.0.3112.90 Safari/537.36"
::1 - - [13/Sep/2018:08:24:23 +0000] "GET /users/ADMIN HTTP/1.1" 200 237 "http://localhost:7070/" "Mozilla/5.0 (X11; Linux x86_64) AppleWebKit/537.36 (KHTML, like Gecko) Chrome/60.0.3112.90 Safari/537.36"
::1 - - [13/Sep/2018:08:24:24 +0000] "GET /pages/transaction/transactions.html HTTP/1.1" 200 1464 "http://localhost:7070/" "Mozilla/5.0 (X11; Linux x86_64) AppleWebKit/537.36 (KHTML, like Gecko) Chrome/60.0.3112.90 Safari/537.36"
::1 - - [13/Sep/2018:08:24:24 +0000] "GET /transactions HTTP/1.1" 200 2 "http://localhost:7070/" "Mozilla/5.0 (X11; Linux x86_64) AppleWebKit/537.36 (KHTML, like Gecko) Chrome/60.0.3112.90 Safari/537.36"
::1 - - [13/Sep/2018:08:24:28 +0000] "GET /pages/transaction/transaction.html HTTP/1.1" 200 2551 "http://localhost:7070/" "Mozilla/5.0 (X11; Linux x86_64) AppleWebKit/537.36 (KHTML, like Gecko) Chrome/60.0.3112.90 Safari/537.36"
::1 - - [13/Sep/2018:08:24:28 +0000] "GET /users/NORMAL/active HTTP/1.1" 200 2 "http://localhost:7070/" "Mozilla/5.0 (X11; Linux x86_64) AppleWebKit/537.36 (KHTML, like Gecko) Chrome/60.0.3112.90 Safari/537.36"
::1 - - [13/Sep/2018:08:24:28 +0000] "GET /activeBook HTTP/1.1" 200 198 "http://localhost:7070/" "Mozilla/5.0 (X11; Linux x86_64) AppleWebKit/537.36 (KHTML, like Gecko) Chrome/60.0.3112.90 Safari/537.36"
::1 - - [13/Sep/2018:08:24:28 +0000] "GET /libs/chosen/chosen-sprite.png HTTP/1.1" 200 538 "http://localhost:7070/libs/chosen/chosen.css" "Mozilla/5.0 (X11; Linux x86_64) AppleWebKit/537.36 (KHTML, like Gecko) Chrome/60.0.3112.90 Safari/537.36"
::1 - - [13/Sep/2018:08:24:38 +0000] "GET /users/ADMIN HTTP/1.1" 200 237 "http://localhost:7070/" "Mozilla/5.0 (X11; Linux x86_64) AppleWebKit/537.36 (KHTML, like Gecko) Chrome/60.0.3112.90 Safari/537.36"
::1 - - [13/Sep/2018:08:24:40 +0000] "GET /transactions HTTP/1.1" 200 2 "http://localhost:7070/" "Mozilla/5.0 (X11; Linux x86_64) AppleWebKit/537.36 (KHTML, like Gecko) Chrome/60.0.3112.90 Safari/537.36"
::1 - - [13/Sep/2018:08:24:43 +0000] "GET /users/NORMAL/active HTTP/1.1" 200 2 "http://localhost:7070/" "Mozilla/5.0 (X11; Linux x86_64) AppleWebKit/537.36 (KHTML, like Gecko) Chrome/60.0.3112.90 Safari/537.36"
::1 - - [13/Sep/2018:08:24:43 +0000] "GET /activeBook HTTP/1.1" 200 198 "http://localhost:7070/" "Mozilla/5.0 (X11; Linux x86_64) AppleWebKit/537.36 (KHTML, like Gecko) Chrome/60.0.3112.90 Safari/537.36"
::1 - - [20/Dec/2018:17:52:02 +0000] "GET / HTTP/1.1" 200 1171 "-" "Mozilla/5.0 (X11; Linux x86_64) AppleWebKit/537.36 (KHTML, like Gecko) Chrome/60.0.3112.90 Safari/537.36"
::1 - - [20/Dec/2018:17:52:02 +0000] "GET /libs/angular-object-table/build/object-table-style.css HTTP/1.1" 200 5074 "http://localhost:7070/" "Mozilla/5.0 (X11; Linux x86_64) AppleWebKit/537.36 (KHTML, like Gecko) Chrome/60.0.3112.90 Safari/537.36"
::1 - - [20/Dec/2018:17:52:02 +0000] "GET /libs/bootstrap/dist/css/bootstrap.css HTTP/1.1" 200 121220 "http://localhost:7070/" "Mozilla/5.0 (X11; Linux x86_64) AppleWebKit/537.36 (KHTML, like Gecko) Chrome/60.0.3112.90 Safari/537.36"
::1 - - [20/Dec/2018:17:52:02 +0000] "GET /libs/bootstrap/dist/js/bootstrap.js HTTP/1.1" 200 55258 "http://localhost:7070/" "Mozilla/5.0 (X11; Linux x86_64) AppleWebKit/537.36 (KHTML, like Gecko) Chrome/60.0.3112.90 Safari/537.36"
::1 - - [20/Dec/2018:17:52:02 +0000] "GET /libs/chosen/chosen.css HTTP/1.1" 200 13270 "http://localhost:7070/" "Mozilla/5.0 (X11; Linux x86_64) AppleWebKit/537.36 (KHTML, like Gecko) Chrome/60.0.3112.90 Safari/537.36"
::1 - - [20/Dec/2018:17:52:02 +0000] "GET /libs/jquery/dist/jquery.js HTTP/1.1" 200 257551 "http://localhost:7070/" "Mozilla/5.0 (X11; Linux x86_64) AppleWebKit/537.36 (KHTML, like Gecko) Chrome/60.0.3112.90 Safari/537.36"
::1 - - [20/Dec/2018:17:52:02 +0000] "GET /libs/angular-object-table/build/object-table.js HTTP/1.1" 200 12641 "http://localhost:7070/" "Mozilla/5.0 (X11; Linux x86_64) AppleWebKit/537.36 (KHTML, like Gecko) Chrome/60.0.3112.90 Safari/537.36"
::1 - - [20/Dec/2018:17:52:02 +0000] "GET /libs/chosen/chosen.jquery.js HTTP/1.1" 200 44437 "http://localhost:7070/" "Mozilla/5.0 (X11; Linux x86_64) AppleWebKit/537.36 (KHTML, like Gecko) Chrome/60.0.3112.90 Safari/537.36"
::1 - - [20/Dec/2018:17:52:02 +0000] "GET /libs/angular-chosen-localytics/dist/angular-chosen.min.js HTTP/1.1" 200 2996 "http://localhost:7070/" "Mozilla/5.0 (X11; Linux x86_64) AppleWebKit/537.36 (KHTML, like Gecko) Chrome/60.0.3112.90 Safari/537.36"
::1 - - [20/Dec/2018:17:52:02 +0000] "GET /libs/angular-ui-router/release/angular-ui-router.js HTTP/1.1" 200 169870 "http://localhost:7070/" "Mozilla/5.0 (X11; Linux x86_64) AppleWebKit/537.36 (KHTML, like Gecko) Chrome/60.0.3112.90 Safari/537.36"
::1 - - [20/Dec/2018:17:52:02 +0000] "GET /libs/angular-resource/angular-resource.js HTTP/1.1" 200 28127 "http://localhost:7070/" "Mozilla/5.0 (X11; Linux x86_64) AppleWebKit/537.36 (KHTML, like Gecko) Chrome/60.0.3112.90 Safari/537.36"
::1 - - [20/Dec/2018:17:52:02 +0000] "GET /scripts/angMod.js HTTP/1.1" 200 11676 "http://localhost:7070/" "Mozilla/5.0 (X11; Linux x86_64) AppleWebKit/537.36 (KHTML, like Gecko) Chrome/60.0.3112.90 Safari/537.36"
::1 - - [20/Dec/2018:17:52:02 +0000] "GET /libs/angular/angular.js HTTP/1.1" 200 1100452 "http://localhost:7070/" "Mozilla/5.0 (X11; Linux x86_64) AppleWebKit/537.36 (KHTML, like Gecko) Chrome/60.0.3112.90 Safari/537.36"
::1 - - [20/Dec/2018:17:52:02 +0000] "GET /libs/angular-bootstrap/ui-bootstrap-tpls.js HTTP/1.1" 200 262969 "http://localhost:7070/" "Mozilla/5.0 (X11; Linux x86_64) AppleWebKit/537.36 (KHTML, like Gecko) Chrome/60.0.3112.90 Safari/537.36"
::1 - - [20/Dec/2018:17:52:02 +0000] "GET /pages/general/login.html HTTP/1.1" 200 2709 "http://localhost:7070/" "Mozilla/5.0 (X11; Linux x86_64) AppleWebKit/537.36 (KHTML, like Gecko) Chrome/60.0.3112.90 Safari/537.36"
::1 - - [20/Dec/2018:17:52:02 +0000] "GET /favicon.ico HTTP/1.1" 404 150 "http://localhost:7070/" "Mozilla/5.0 (X11; Linux x86_64) AppleWebKit/537.36 (KHTML, like Gecko) Chrome/60.0.3112.90 Safari/537.36"
::1 - - [20/Dec/2018:17:52:12 +0000] "POST /authenticate HTTP/1.1" 200 288 "http://localhost:7070/" "Mozilla/5.0 (X11; Linux x86_64) AppleWebKit/537.36 (KHTML, like Gecko) Chrome/60.0.3112.90 Safari/537.36"
::1 - - [20/Dec/2018:17:52:12 +0000] "GET /loggedInUser HTTP/1.1" 200 288 "http://localhost:7070/" "Mozilla/5.0 (X11; Linux x86_64) AppleWebKit/537.36 (KHTML, like Gecko) Chrome/60.0.3112.90 Safari/537.36"
::1 - - [20/Dec/2018:17:52:12 +0000] "GET /pages/general/menu.html HTTP/1.1" 200 1534 "http://localhost:7070/" "Mozilla/5.0 (X11; Linux x86_64) AppleWebKit/537.36 (KHTML, like Gecko) Chrome/60.0.3112.90 Safari/537.36"
::1 - - [20/Dec/2018:17:52:12 +0000] "GET /pages/user/users.html HTTP/1.1" 200 1856 "http://localhost:7070/" "Mozilla/5.0 (X11; Linux x86_64) AppleWebKit/537.36 (KHTML, like Gecko) Chrome/60.0.3112.90 Safari/537.36"
::1 - - [20/Dec/2018:17:52:12 +0000] "GET /users/ADMIN HTTP/1.1" 200 237 "http://localhost:7070/" "Mozilla/5.0 (X11; Linux x86_64) AppleWebKit/537.36 (KHTML, like Gecko) Chrome/60.0.3112.90 Safari/537.36"
::1 - - [20/Dec/2018:17:52:12 +0000] "GET /libs/bootstrap/dist/fonts/glyphicons-halflings-regular.woff HTTP/1.1" 200 23320 "http://localhost:7070/libs/bootstrap/dist/css/bootstrap.css" "Mozilla/5.0 (X11; Linux x86_64) AppleWebKit/537.36 (KHTML, like Gecko) Chrome/60.0.3112.90 Safari/537.36"
::1 - - [20/Dec/2018:17:52:20 +0000] "GET /users/NORMAL HTTP/1.1" 200 2 "http://localhost:7070/" "Mozilla/5.0 (X11; Linux x86_64) AppleWebKit/537.36 (KHTML, like Gecko) Chrome/60.0.3112.90 Safari/537.36"
::1 - - [20/Dec/2018:17:52:21 +0000] "GET /users/ADMIN HTTP/1.1" 304 - "http://localhost:7070/" "Mozilla/5.0 (X11; Linux x86_64) AppleWebKit/537.36 (KHTML, like Gecko) Chrome/60.0.3112.90 Safari/537.36"
::1 - - [20/Dec/2018:17:52:24 +0000] "GET /pages/book/books.html HTTP/1.1" 200 1749 "http://localhost:7070/" "Mozilla/5.0 (X11; Linux x86_64) AppleWebKit/537.36 (KHTML, like Gecko) Chrome/60.0.3112.90 Safari/537.36"
::1 - - [20/Dec/2018:17:52:24 +0000] "GET /books HTTP/1.1" 200 198 "http://localhost:7070/" "Mozilla/5.0 (X11; Linux x86_64) AppleWebKit/537.36 (KHTML, like Gecko) Chrome/60.0.3112.90 Safari/537.36"
::1 - - [20/Dec/2018:17:52:29 +0000] "GET /pages/book/book.html HTTP/1.1" 200 1595 "http://localhost:7070/" "Mozilla/5.0 (X11; Linux x86_64) AppleWebKit/537.36 (KHTML, like Gecko) Chrome/60.0.3112.90 Safari/537.36"
::1 - - [20/Dec/2018:17:52:56 +0000] "POST /book HTTP/1.1" 200 190 "http://localhost:7070/" "Mozilla/5.0 (X11; Linux x86_64) AppleWebKit/537.36 (KHTML, like Gecko) Chrome/60.0.3112.90 Safari/537.36"
::1 - - [20/Dec/2018:17:52:56 +0000] "GET /books HTTP/1.1" 200 389 "http://localhost:7070/" "Mozilla/5.0 (X11; Linux x86_64) AppleWebKit/537.36 (KHTML, like Gecko) Chrome/60.0.3112.90 Safari/537.36"
::1 - - [20/Dec/2018:18:50:33 +0000] "GET /libs/angular-object-table/build/object-table-style.css HTTP/1.1" 304 - "http://localhost:7070/" "Mozilla/5.0 (X11; Linux x86_64) AppleWebKit/537.36 (KHTML, like Gecko) Chrome/60.0.3112.90 Safari/537.36"
::1 - - [20/Dec/2018:18:50:33 +0000] "GET /libs/bootstrap/dist/css/bootstrap.css HTTP/1.1" 304 - "http://localhost:7070/" "Mozilla/5.0 (X11; Linux x86_64) AppleWebKit/537.36 (KHTML, like Gecko) Chrome/60.0.3112.90 Safari/537.36"
::1 - - [20/Dec/2018:18:50:33 +0000] "GET /libs/chosen/chosen.css HTTP/1.1" 304 - "http://localhost:7070/" "Mozilla/5.0 (X11; Linux x86_64) AppleWebKit/537.36 (KHTML, like Gecko) Chrome/60.0.3112.90 Safari/537.36"
::1 - - [20/Dec/2018:18:50:34 +0000] "GET /libs/bootstrap/dist/css/bootstrap.css.map HTTP/1.1" 200 245960 "-" "Mozilla/5.0 (X11; Linux x86_64) AppleWebKit/537.36 (KHTML, like Gecko) Chrome/60.0.3112.90 Safari/537.36"
::1 - - [20/Dec/2018:18:50:40 +0000] "GET /users/ADMIN HTTP/1.1" 200 237 "http://localhost:7070/" "Mozilla/5.0 (X11; Linux x86_64) AppleWebKit/537.36 (KHTML, like Gecko) Chrome/60.0.3112.90 Safari/537.36"
::1 - - [20/Dec/2018:18:52:37 +0000] "GET /elastic HTTP/1.1" - - "-" "Mozilla/5.0 (X11; Linux x86_64) AppleWebKit/537.36 (KHTML, like Gecko) Chrome/60.0.3112.90 Safari/537.36"
::1 - - [20/Dec/2018:18:56:28 +0000] "GET /elastic HTTP/1.1" - - "-" "Mozilla/5.0 (X11; Linux x86_64) AppleWebKit/537.36 (KHTML, like Gecko) Chrome/60.0.3112.90 Safari/537.36"
::1 - - [26/Dec/2018:18:54:19 +0000] "GET /elastic HTTP/1.1" - - "-" "Mozilla/5.0 (X11; Linux x86_64) AppleWebKit/537.36 (KHTML, like Gecko) Chrome/60.0.3112.90 Safari/537.36"
::1 - - [26/Dec/2018:18:56:48 +0000] "GET /elastic HTTP/1.1" - - "-" "Mozilla/5.0 (X11; Linux x86_64) AppleWebKit/537.36 (KHTML, like Gecko) Chrome/60.0.3112.90 Safari/537.36"
::1 - - [04/Feb/2019:19:17:50 +0000] "GET / HTTP/1.1" 200 1171 "-" "Mozilla/5.0 (X11; Linux x86_64) AppleWebKit/537.36 (KHTML, like Gecko) Chrome/60.0.3112.90 Safari/537.36"
::1 - - [04/Feb/2019:19:17:50 +0000] "GET /libs/angular-object-table/build/object-table-style.css HTTP/1.1" 200 5074 "http://localhost:7070/" "Mozilla/5.0 (X11; Linux x86_64) AppleWebKit/537.36 (KHTML, like Gecko) Chrome/60.0.3112.90 Safari/537.36"
::1 - - [04/Feb/2019:19:17:50 +0000] "GET /libs/bootstrap/dist/css/bootstrap.css HTTP/1.1" 200 121220 "http://localhost:7070/" "Mozilla/5.0 (X11; Linux x86_64) AppleWebKit/537.36 (KHTML, like Gecko) Chrome/60.0.3112.90 Safari/537.36"
::1 - - [04/Feb/2019:19:17:51 +0000] "GET /libs/chosen/chosen.css HTTP/1.1" 200 13270 "http://localhost:7070/" "Mozilla/5.0 (X11; Linux x86_64) AppleWebKit/537.36 (KHTML, like Gecko) Chrome/60.0.3112.90 Safari/537.36"
::1 - - [04/Feb/2019:19:17:51 +0000] "GET /libs/bootstrap/dist/js/bootstrap.js HTTP/1.1" 200 55258 "http://localhost:7070/" "Mozilla/5.0 (X11; Linux x86_64) AppleWebKit/537.36 (KHTML, like Gecko) Chrome/60.0.3112.90 Safari/537.36"
::1 - - [04/Feb/2019:19:17:51 +0000] "GET /libs/angular-object-table/build/object-table.js HTTP/1.1" 200 12641 "http://localhost:7070/" "Mozilla/5.0 (X11; Linux x86_64) AppleWebKit/537.36 (KHTML, like Gecko) Chrome/60.0.3112.90 Safari/537.36"
::1 - - [04/Feb/2019:19:17:51 +0000] "GET /libs/jquery/dist/jquery.js HTTP/1.1" 200 257551 "http://localhost:7070/" "Mozilla/5.0 (X11; Linux x86_64) AppleWebKit/537.36 (KHTML, like Gecko) Chrome/60.0.3112.90 Safari/537.36"
::1 - - [04/Feb/2019:19:17:51 +0000] "GET /libs/angular-chosen-localytics/dist/angular-chosen.min.js HTTP/1.1" 200 2996 "http://localhost:7070/" "Mozilla/5.0 (X11; Linux x86_64) AppleWebKit/537.36 (KHTML, like Gecko) Chrome/60.0.3112.90 Safari/537.36"
::1 - - [04/Feb/2019:19:17:51 +0000] "GET /libs/chosen/chosen.jquery.js HTTP/1.1" 200 44437 "http://localhost:7070/" "Mozilla/5.0 (X11; Linux x86_64) AppleWebKit/537.36 (KHTML, like Gecko) Chrome/60.0.3112.90 Safari/537.36"
::1 - - [04/Feb/2019:19:17:51 +0000] "GET /libs/angular-ui-router/release/angular-ui-router.js HTTP/1.1" 200 169870 "http://localhost:7070/" "Mozilla/5.0 (X11; Linux x86_64) AppleWebKit/537.36 (KHTML, like Gecko) Chrome/60.0.3112.90 Safari/537.36"
::1 - - [04/Feb/2019:19:17:51 +0000] "GET /libs/angular-resource/angular-resource.js HTTP/1.1" 200 28127 "http://localhost:7070/" "Mozilla/5.0 (X11; Linux x86_64) AppleWebKit/537.36 (KHTML, like Gecko) Chrome/60.0.3112.90 Safari/537.36"
::1 - - [04/Feb/2019:19:17:51 +0000] "GET /scripts/angMod.js HTTP/1.1" 200 11676 "http://localhost:7070/" "Mozilla/5.0 (X11; Linux x86_64) AppleWebKit/537.36 (KHTML, like Gecko) Chrome/60.0.3112.90 Safari/537.36"
::1 - - [04/Feb/2019:19:17:51 +0000] "GET /libs/angular-bootstrap/ui-bootstrap-tpls.js HTTP/1.1" 200 262969 "http://localhost:7070/" "Mozilla/5.0 (X11; Linux x86_64) AppleWebKit/537.36 (KHTML, like Gecko) Chrome/60.0.3112.90 Safari/537.36"
::1 - - [04/Feb/2019:19:17:51 +0000] "GET /libs/angular/angular.js HTTP/1.1" 200 1100452 "http://localhost:7070/" "Mozilla/5.0 (X11; Linux x86_64) AppleWebKit/537.36 (KHTML, like Gecko) Chrome/60.0.3112.90 Safari/537.36"
::1 - - [04/Feb/2019:19:17:51 +0000] "GET /pages/general/login.html HTTP/1.1" 200 2709 "http://localhost:7070/" "Mozilla/5.0 (X11; Linux x86_64) AppleWebKit/537.36 (KHTML, like Gecko) Chrome/60.0.3112.90 Safari/537.36"
::1 - - [04/Feb/2019:19:17:51 +0000] "GET /favicon.ico HTTP/1.1" 404 150 "http://localhost:7070/" "Mozilla/5.0 (X11; Linux x86_64) AppleWebKit/537.36 (KHTML, like Gecko) Chrome/60.0.3112.90 Safari/537.36"
::1 - - [04/Feb/2019:19:18:15 +0000] "POST /authenticate HTTP/1.1" 200 288 "http://localhost:7070/" "Mozilla/5.0 (X11; Linux x86_64) AppleWebKit/537.36 (KHTML, like Gecko) Chrome/60.0.3112.90 Safari/537.36"
::1 - - [04/Feb/2019:19:18:15 +0000] "GET /loggedInUser HTTP/1.1" 200 288 "http://localhost:7070/" "Mozilla/5.0 (X11; Linux x86_64) AppleWebKit/537.36 (KHTML, like Gecko) Chrome/60.0.3112.90 Safari/537.36"
::1 - - [04/Feb/2019:19:18:15 +0000] "GET /pages/general/menu.html HTTP/1.1" 200 1534 "http://localhost:7070/" "Mozilla/5.0 (X11; Linux x86_64) AppleWebKit/537.36 (KHTML, like Gecko) Chrome/60.0.3112.90 Safari/537.36"
::1 - - [04/Feb/2019:19:18:15 +0000] "GET /pages/user/users.html HTTP/1.1" 200 1856 "http://localhost:7070/" "Mozilla/5.0 (X11; Linux x86_64) AppleWebKit/537.36 (KHTML, like Gecko) Chrome/60.0.3112.90 Safari/537.36"
::1 - - [04/Feb/2019:19:18:15 +0000] "GET /users/ADMIN HTTP/1.1" 200 237 "http://localhost:7070/" "Mozilla/5.0 (X11; Linux x86_64) AppleWebKit/537.36 (KHTML, like Gecko) Chrome/60.0.3112.90 Safari/537.36"
::1 - - [04/Feb/2019:19:18:15 +0000] "GET /libs/bootstrap/dist/fonts/glyphicons-halflings-regular.woff HTTP/1.1" 200 23320 "http://localhost:7070/libs/bootstrap/dist/css/bootstrap.css" "Mozilla/5.0 (X11; Linux x86_64) AppleWebKit/537.36 (KHTML, like Gecko) Chrome/60.0.3112.90 Safari/537.36"
::1 - - [04/Feb/2019:19:19:04 +0000] "GET /pages/book/books.html HTTP/1.1" 200 1749 "http://localhost:7070/" "Mozilla/5.0 (X11; Linux x86_64) AppleWebKit/537.36 (KHTML, like Gecko) Chrome/60.0.3112.90 Safari/537.36"
::1 - - [04/Feb/2019:19:19:04 +0000] "GET /books HTTP/1.1" 200 389 "http://localhost:7070/" "Mozilla/5.0 (X11; Linux x86_64) AppleWebKit/537.36 (KHTML, like Gecko) Chrome/60.0.3112.90 Safari/537.36"
::1 - - [04/Feb/2019:19:19:07 +0000] "GET /pages/transaction/transactions.html HTTP/1.1" 200 1464 "http://localhost:7070/" "Mozilla/5.0 (X11; Linux x86_64) AppleWebKit/537.36 (KHTML, like Gecko) Chrome/60.0.3112.90 Safari/537.36"
::1 - - [04/Feb/2019:19:19:07 +0000] "GET /transactions HTTP/1.1" 200 2 "http://localhost:7070/" "Mozilla/5.0 (X11; Linux x86_64) AppleWebKit/537.36 (KHTML, like Gecko) Chrome/60.0.3112.90 Safari/537.36"
::1 - - [04/Feb/2019:19:19:08 +0000] "GET /books HTTP/1.1" 304 - "http://localhost:7070/" "Mozilla/5.0 (X11; Linux x86_64) AppleWebKit/537.36 (KHTML, like Gecko) Chrome/60.0.3112.90 Safari/537.36"
::1 - - [04/Feb/2019:19:19:09 +0000] "GET /users/ADMIN HTTP/1.1" 304 - "http://localhost:7070/" "Mozilla/5.0 (X11; Linux x86_64) AppleWebKit/537.36 (KHTML, like Gecko) Chrome/60.0.3112.90 Safari/537.36"
::1 - - [04/Feb/2019:19:19:27 +0000] "GET /books HTTP/1.1" 304 - "http://localhost:7070/" "Mozilla/5.0 (X11; Linux x86_64) AppleWebKit/537.36 (KHTML, like Gecko) Chrome/60.0.3112.90 Safari/537.36"
::1 - - [21/Feb/2019:20:03:22 +0000] "GET / HTTP/1.1" 200 1171 "-" "Mozilla/5.0 (X11; Linux x86_64) AppleWebKit/537.36 (KHTML, like Gecko) Chrome/60.0.3112.90 Safari/537.36"
::1 - - [21/Feb/2019:20:03:22 +0000] "GET /libs/angular-object-table/build/object-table-style.css HTTP/1.1" 200 5074 "http://localhost:7070/" "Mozilla/5.0 (X11; Linux x86_64) AppleWebKit/537.36 (KHTML, like Gecko) Chrome/60.0.3112.90 Safari/537.36"
::1 - - [21/Feb/2019:20:03:22 +0000] "GET /libs/chosen/chosen.css HTTP/1.1" 200 13270 "http://localhost:7070/" "Mozilla/5.0 (X11; Linux x86_64) AppleWebKit/537.36 (KHTML, like Gecko) Chrome/60.0.3112.90 Safari/537.36"
::1 - - [21/Feb/2019:20:03:22 +0000] "GET /libs/bootstrap/dist/js/bootstrap.js HTTP/1.1" 200 55258 "http://localhost:7070/" "Mozilla/5.0 (X11; Linux x86_64) AppleWebKit/537.36 (KHTML, like Gecko) Chrome/60.0.3112.90 Safari/537.36"
::1 - - [21/Feb/2019:20:03:22 +0000] "GET /libs/bootstrap/dist/css/bootstrap.css HTTP/1.1" 200 121220 "http://localhost:7070/" "Mozilla/5.0 (X11; Linux x86_64) AppleWebKit/537.36 (KHTML, like Gecko) Chrome/60.0.3112.90 Safari/537.36"
::1 - - [21/Feb/2019:20:03:22 +0000] "GET /libs/jquery/dist/jquery.js HTTP/1.1" 200 257551 "http://localhost:7070/" "Mozilla/5.0 (X11; Linux x86_64) AppleWebKit/537.36 (KHTML, like Gecko) Chrome/60.0.3112.90 Safari/537.36"
::1 - - [21/Feb/2019:20:03:22 +0000] "GET /libs/angular-object-table/build/object-table.js HTTP/1.1" 200 12641 "http://localhost:7070/" "Mozilla/5.0 (X11; Linux x86_64) AppleWebKit/537.36 (KHTML, like Gecko) Chrome/60.0.3112.90 Safari/537.36"
::1 - - [21/Feb/2019:20:03:22 +0000] "GET /libs/angular-chosen-localytics/dist/angular-chosen.min.js HTTP/1.1" 200 2996 "http://localhost:7070/" "Mozilla/5.0 (X11; Linux x86_64) AppleWebKit/537.36 (KHTML, like Gecko) Chrome/60.0.3112.90 Safari/537.36"
::1 - - [21/Feb/2019:20:03:22 +0000] "GET /libs/chosen/chosen.jquery.js HTTP/1.1" 200 44437 "http://localhost:7070/" "Mozilla/5.0 (X11; Linux x86_64) AppleWebKit/537.36 (KHTML, like Gecko) Chrome/60.0.3112.90 Safari/537.36"
::1 - - [21/Feb/2019:20:03:22 +0000] "GET /libs/angular-resource/angular-resource.js HTTP/1.1" 200 28127 "http://localhost:7070/" "Mozilla/5.0 (X11; Linux x86_64) AppleWebKit/537.36 (KHTML, like Gecko) Chrome/60.0.3112.90 Safari/537.36"
::1 - - [21/Feb/2019:20:03:22 +0000] "GET /libs/angular-ui-router/release/angular-ui-router.js HTTP/1.1" 200 169870 "http://localhost:7070/" "Mozilla/5.0 (X11; Linux x86_64) AppleWebKit/537.36 (KHTML, like Gecko) Chrome/60.0.3112.90 Safari/537.36"
::1 - - [21/Feb/2019:20:03:22 +0000] "GET /scripts/angMod.js HTTP/1.1" 200 11676 "http://localhost:7070/" "Mozilla/5.0 (X11; Linux x86_64) AppleWebKit/537.36 (KHTML, like Gecko) Chrome/60.0.3112.90 Safari/537.36"
::1 - - [21/Feb/2019:20:03:22 +0000] "GET /libs/angular/angular.js HTTP/1.1" 200 1100452 "http://localhost:7070/" "Mozilla/5.0 (X11; Linux x86_64) AppleWebKit/537.36 (KHTML, like Gecko) Chrome/60.0.3112.90 Safari/537.36"
::1 - - [21/Feb/2019:20:03:22 +0000] "GET /libs/angular-bootstrap/ui-bootstrap-tpls.js HTTP/1.1" 200 262969 "http://localhost:7070/" "Mozilla/5.0 (X11; Linux x86_64) AppleWebKit/537.36 (KHTML, like Gecko) Chrome/60.0.3112.90 Safari/537.36"
::1 - - [21/Feb/2019:20:03:23 +0000] "GET /pages/general/login.html HTTP/1.1" 200 2709 "http://localhost:7070/" "Mozilla/5.0 (X11; Linux x86_64) AppleWebKit/537.36 (KHTML, like Gecko) Chrome/60.0.3112.90 Safari/537.36"
::1 - - [21/Feb/2019:20:03:23 +0000] "GET /favicon.ico HTTP/1.1" 404 150 "http://localhost:7070/" "Mozilla/5.0 (X11; Linux x86_64) AppleWebKit/537.36 (KHTML, like Gecko) Chrome/60.0.3112.90 Safari/537.36"
::1 - - [21/Feb/2019:20:03:43 +0000] "POST /authenticate HTTP/1.1" 200 288 "http://localhost:7070/" "Mozilla/5.0 (X11; Linux x86_64) AppleWebKit/537.36 (KHTML, like Gecko) Chrome/60.0.3112.90 Safari/537.36"
::1 - - [21/Feb/2019:20:03:43 +0000] "GET /loggedInUser HTTP/1.1" 200 288 "http://localhost:7070/" "Mozilla/5.0 (X11; Linux x86_64) AppleWebKit/537.36 (KHTML, like Gecko) Chrome/60.0.3112.90 Safari/537.36"
::1 - - [21/Feb/2019:20:03:43 +0000] "GET /pages/general/menu.html HTTP/1.1" 200 1534 "http://localhost:7070/" "Mozilla/5.0 (X11; Linux x86_64) AppleWebKit/537.36 (KHTML, like Gecko) Chrome/60.0.3112.90 Safari/537.36"
::1 - - [21/Feb/2019:20:03:43 +0000] "GET /pages/user/users.html HTTP/1.1" 200 1856 "http://localhost:7070/" "Mozilla/5.0 (X11; Linux x86_64) AppleWebKit/537.36 (KHTML, like Gecko) Chrome/60.0.3112.90 Safari/537.36"
::1 - - [21/Feb/2019:20:03:43 +0000] "GET /users/ADMIN HTTP/1.1" 200 237 "http://localhost:7070/" "Mozilla/5.0 (X11; Linux x86_64) AppleWebKit/537.36 (KHTML, like Gecko) Chrome/60.0.3112.90 Safari/537.36"
::1 - - [21/Feb/2019:20:03:43 +0000] "GET /libs/bootstrap/dist/fonts/glyphicons-halflings-regular.woff HTTP/1.1" 200 23320 "http://localhost:7070/libs/bootstrap/dist/css/bootstrap.css" "Mozilla/5.0 (X11; Linux x86_64) AppleWebKit/537.36 (KHTML, like Gecko) Chrome/60.0.3112.90 Safari/537.36"
::1 - - [21/Feb/2019:20:03:49 +0000] "GET /libs/angular-object-table/build/object-table-style.css HTTP/1.1" 304 - "http://localhost:7070/" "Mozilla/5.0 (X11; Linux x86_64) AppleWebKit/537.36 (KHTML, like Gecko) Chrome/60.0.3112.90 Safari/537.36"
::1 - - [21/Feb/2019:20:03:49 +0000] "GET /libs/bootstrap/dist/css/bootstrap.css HTTP/1.1" 304 - "http://localhost:7070/" "Mozilla/5.0 (X11; Linux x86_64) AppleWebKit/537.36 (KHTML, like Gecko) Chrome/60.0.3112.90 Safari/537.36"
::1 - - [21/Feb/2019:20:03:49 +0000] "GET /libs/chosen/chosen.css HTTP/1.1" 304 - "http://localhost:7070/" "Mozilla/5.0 (X11; Linux x86_64) AppleWebKit/537.36 (KHTML, like Gecko) Chrome/60.0.3112.90 Safari/537.36"
::1 - - [21/Feb/2019:20:03:49 +0000] "GET /libs/bootstrap/dist/css/bootstrap.css.map HTTP/1.1" 200 245960 "-" "Mozilla/5.0 (X11; Linux x86_64) AppleWebKit/537.36 (KHTML, like Gecko) Chrome/60.0.3112.90 Safari/537.36"
::1 - - [21/Feb/2019:20:04:10 +0000] "GET /pages/book/books.html HTTP/1.1" 200 1749 "http://localhost:7070/" "Mozilla/5.0 (X11; Linux x86_64) AppleWebKit/537.36 (KHTML, like Gecko) Chrome/60.0.3112.90 Safari/537.36"
::1 - - [21/Feb/2019:20:04:10 +0000] "GET /books HTTP/1.1" 200 389 "http://localhost:7070/" "Mozilla/5.0 (X11; Linux x86_64) AppleWebKit/537.36 (KHTML, like Gecko) Chrome/60.0.3112.90 Safari/537.36"
::1 - - [21/Feb/2019:20:04:18 +0000] "GET /pages/transaction/transactions.html HTTP/1.1" 200 1464 "http://localhost:7070/" "Mozilla/5.0 (X11; Linux x86_64) AppleWebKit/537.36 (KHTML, like Gecko) Chrome/60.0.3112.90 Safari/537.36"
::1 - - [21/Feb/2019:20:04:18 +0000] "GET /transactions HTTP/1.1" 200 2 "http://localhost:7070/" "Mozilla/5.0 (X11; Linux x86_64) AppleWebKit/537.36 (KHTML, like Gecko) Chrome/60.0.3112.90 Safari/537.36"
::1 - - [21/Feb/2019:20:04:21 +0000] "GET /books HTTP/1.1" 200 389 "http://localhost:7070/" "Mozilla/5.0 (X11; Linux x86_64) AppleWebKit/537.36 (KHTML, like Gecko) Chrome/60.0.3112.90 Safari/537.36"
::1 - - [21/Feb/2019:20:04:36 +0000] "GET /users/ADMIN HTTP/1.1" 200 237 "http://localhost:7070/" "Mozilla/5.0 (X11; Linux x86_64) AppleWebKit/537.36 (KHTML, like Gecko) Chrome/60.0.3112.90 Safari/537.36"
::1 - - [21/Feb/2019:20:04:52 +0000] "GET /books HTTP/1.1" 200 389 "http://localhost:7070/" "Mozilla/5.0 (X11; Linux x86_64) AppleWebKit/537.36 (KHTML, like Gecko) Chrome/60.0.3112.90 Safari/537.36"
::1 - - [21/Feb/2019:20:04:55 +0000] "GET /users/ADMIN HTTP/1.1" 200 237 "http://localhost:7070/" "Mozilla/5.0 (X11; Linux x86_64) AppleWebKit/537.36 (KHTML, like Gecko) Chrome/60.0.3112.90 Safari/537.36"
::1 - - [21/Feb/2019:20:05:01 +0000] "POST /logout HTTP/1.1" 200 33 "http://localhost:7070/" "Mozilla/5.0 (X11; Linux x86_64) AppleWebKit/537.36 (KHTML, like Gecko) Chrome/60.0.3112.90 Safari/537.36"
::1 - - [21/Feb/2019:20:05:10 +0000] "POST /authenticate HTTP/1.1" 400 46 "http://localhost:7070/" "Mozilla/5.0 (X11; Linux x86_64) AppleWebKit/537.36 (KHTML, like Gecko) Chrome/60.0.3112.90 Safari/537.36"
::1 - - [26/Feb/2019:19:49:11 +0000] "GET /elastic HTTP/1.1" - - "-" "Mozilla/5.0 (X11; Linux x86_64) AppleWebKit/537.36 (KHTML, like Gecko) Chrome/60.0.3112.90 Safari/537.36"
::1 - - [26/Feb/2019:19:49:42 +0000] "GET /elastic HTTP/1.1" 200 137 "-" "Mozilla/5.0 (X11; Linux x86_64) AppleWebKit/537.36 (KHTML, like Gecko) Chrome/60.0.3112.90 Safari/537.36"
::1 - - [26/Feb/2019:20:15:40 +0000] "GET / HTTP/1.1" 200 1171 "-" "Mozilla/5.0 (X11; Linux x86_64) AppleWebKit/537.36 (KHTML, like Gecko) Chrome/60.0.3112.90 Safari/537.36"
::1 - - [26/Feb/2019:20:15:41 +0000] "GET /libs/angular-object-table/build/object-table-style.css HTTP/1.1" 200 5074 "http://localhost:7070/" "Mozilla/5.0 (X11; Linux x86_64) AppleWebKit/537.36 (KHTML, like Gecko) Chrome/60.0.3112.90 Safari/537.36"
::1 - - [26/Feb/2019:20:15:41 +0000] "GET /libs/bootstrap/dist/css/bootstrap.css HTTP/1.1" 200 121220 "http://localhost:7070/" "Mozilla/5.0 (X11; Linux x86_64) AppleWebKit/537.36 (KHTML, like Gecko) Chrome/60.0.3112.90 Safari/537.36"
::1 - - [26/Feb/2019:20:15:41 +0000] "GET /libs/chosen/chosen.css HTTP/1.1" 200 13270 "http://localhost:7070/" "Mozilla/5.0 (X11; Linux x86_64) AppleWebKit/537.36 (KHTML, like Gecko) Chrome/60.0.3112.90 Safari/537.36"
::1 - - [26/Feb/2019:20:15:41 +0000] "GET /libs/bootstrap/dist/js/bootstrap.js HTTP/1.1" 200 55258 "http://localhost:7070/" "Mozilla/5.0 (X11; Linux x86_64) AppleWebKit/537.36 (KHTML, like Gecko) Chrome/60.0.3112.90 Safari/537.36"
::1 - - [26/Feb/2019:20:15:41 +0000] "GET /libs/jquery/dist/jquery.js HTTP/1.1" 200 257551 "http://localhost:7070/" "Mozilla/5.0 (X11; Linux x86_64) AppleWebKit/537.36 (KHTML, like Gecko) Chrome/60.0.3112.90 Safari/537.36"
::1 - - [26/Feb/2019:20:15:41 +0000] "GET /libs/angular-object-table/build/object-table.js HTTP/1.1" 200 12641 "http://localhost:7070/" "Mozilla/5.0 (X11; Linux x86_64) AppleWebKit/537.36 (KHTML, like Gecko) Chrome/60.0.3112.90 Safari/537.36"
::1 - - [26/Feb/2019:20:15:41 +0000] "GET /libs/chosen/chosen.jquery.js HTTP/1.1" 200 44437 "http://localhost:7070/" "Mozilla/5.0 (X11; Linux x86_64) AppleWebKit/537.36 (KHTML, like Gecko) Chrome/60.0.3112.90 Safari/537.36"
::1 - - [26/Feb/2019:20:15:41 +0000] "GET /libs/angular-chosen-localytics/dist/angular-chosen.min.js HTTP/1.1" 200 2996 "http://localhost:7070/" "Mozilla/5.0 (X11; Linux x86_64) AppleWebKit/537.36 (KHTML, like Gecko) Chrome/60.0.3112.90 Safari/537.36"
::1 - - [26/Feb/2019:20:15:41 +0000] "GET /libs/angular-resource/angular-resource.js HTTP/1.1" 200 28127 "http://localhost:7070/" "Mozilla/5.0 (X11; Linux x86_64) AppleWebKit/537.36 (KHTML, like Gecko) Chrome/60.0.3112.90 Safari/537.36"
::1 - - [26/Feb/2019:20:15:41 +0000] "GET /libs/angular-ui-router/release/angular-ui-router.js HTTP/1.1" 200 169870 "http://localhost:7070/" "Mozilla/5.0 (X11; Linux x86_64) AppleWebKit/537.36 (KHTML, like Gecko) Chrome/60.0.3112.90 Safari/537.36"
::1 - - [26/Feb/2019:20:15:41 +0000] "GET /libs/angular/angular.js HTTP/1.1" 200 1100452 "http://localhost:7070/" "Mozilla/5.0 (X11; Linux x86_64) AppleWebKit/537.36 (KHTML, like Gecko) Chrome/60.0.3112.90 Safari/537.36"
::1 - - [26/Feb/2019:20:15:41 +0000] "GET /scripts/angMod.js HTTP/1.1" 200 11676 "http://localhost:7070/" "Mozilla/5.0 (X11; Linux x86_64) AppleWebKit/537.36 (KHTML, like Gecko) Chrome/60.0.3112.90 Safari/537.36"
::1 - - [26/Feb/2019:20:15:41 +0000] "GET /libs/angular-bootstrap/ui-bootstrap-tpls.js HTTP/1.1" 200 262969 "http://localhost:7070/" "Mozilla/5.0 (X11; Linux x86_64) AppleWebKit/537.36 (KHTML, like Gecko) Chrome/60.0.3112.90 Safari/537.36"
::1 - - [26/Feb/2019:20:15:41 +0000] "GET /pages/general/login.html HTTP/1.1" 200 2709 "http://localhost:7070/" "Mozilla/5.0 (X11; Linux x86_64) AppleWebKit/537.36 (KHTML, like Gecko) Chrome/60.0.3112.90 Safari/537.36"
::1 - - [26/Feb/2019:20:15:41 +0000] "GET /favicon.ico HTTP/1.1" 404 150 "http://localhost:7070/" "Mozilla/5.0 (X11; Linux x86_64) AppleWebKit/537.36 (KHTML, like Gecko) Chrome/60.0.3112.90 Safari/537.36"
::1 - - [26/Feb/2019:20:15:53 +0000] "POST /authenticate HTTP/1.1" 400 46 "http://localhost:7070/" "Mozilla/5.0 (X11; Linux x86_64) AppleWebKit/537.36 (KHTML, like Gecko) Chrome/60.0.3112.90 Safari/537.36"
::1 - - [26/Feb/2019:20:16:23 +0000] "POST /authenticate HTTP/1.1" 200 288 "http://localhost:7070/" "Mozilla/5.0 (X11; Linux x86_64) AppleWebKit/537.36 (KHTML, like Gecko) Chrome/60.0.3112.90 Safari/537.36"
::1 - - [26/Feb/2019:20:16:23 +0000] "GET /loggedInUser HTTP/1.1" 200 288 "http://localhost:7070/" "Mozilla/5.0 (X11; Linux x86_64) AppleWebKit/537.36 (KHTML, like Gecko) Chrome/60.0.3112.90 Safari/537.36"
::1 - - [26/Feb/2019:20:16:23 +0000] "GET /pages/general/menu.html HTTP/1.1" 200 1534 "http://localhost:7070/" "Mozilla/5.0 (X11; Linux x86_64) AppleWebKit/537.36 (KHTML, like Gecko) Chrome/60.0.3112.90 Safari/537.36"
::1 - - [26/Feb/2019:20:16:23 +0000] "GET /pages/user/users.html HTTP/1.1" 200 1856 "http://localhost:7070/" "Mozilla/5.0 (X11; Linux x86_64) AppleWebKit/537.36 (KHTML, like Gecko) Chrome/60.0.3112.90 Safari/537.36"
::1 - - [26/Feb/2019:20:16:24 +0000] "GET /users/ADMIN HTTP/1.1" 200 237 "http://localhost:7070/" "Mozilla/5.0 (X11; Linux x86_64) AppleWebKit/537.36 (KHTML, like Gecko) Chrome/60.0.3112.90 Safari/537.36"
::1 - - [26/Feb/2019:20:16:24 +0000] "GET /libs/bootstrap/dist/fonts/glyphicons-halflings-regular.woff HTTP/1.1" 200 23320 "http://localhost:7070/libs/bootstrap/dist/css/bootstrap.css" "Mozilla/5.0 (X11; Linux x86_64) AppleWebKit/537.36 (KHTML, like Gecko) Chrome/60.0.3112.90 Safari/537.36"
::1 - - [26/Feb/2019:20:16:29 +0000] "GET /libs/angular-object-table/build/object-table-style.css HTTP/1.1" 304 - "http://localhost:7070/" "Mozilla/5.0 (X11; Linux x86_64) AppleWebKit/537.36 (KHTML, like Gecko) Chrome/60.0.3112.90 Safari/537.36"
::1 - - [26/Feb/2019:20:16:29 +0000] "GET /libs/bootstrap/dist/css/bootstrap.css HTTP/1.1" 304 - "http://localhost:7070/" "Mozilla/5.0 (X11; Linux x86_64) AppleWebKit/537.36 (KHTML, like Gecko) Chrome/60.0.3112.90 Safari/537.36"
::1 - - [26/Feb/2019:20:16:29 +0000] "GET /libs/chosen/chosen.css HTTP/1.1" 304 - "http://localhost:7070/" "Mozilla/5.0 (X11; Linux x86_64) AppleWebKit/537.36 (KHTML, like Gecko) Chrome/60.0.3112.90 Safari/537.36"
::1 - - [26/Feb/2019:20:16:29 +0000] "GET /libs/bootstrap/dist/css/bootstrap.css.map HTTP/1.1" 200 245960 "-" "Mozilla/5.0 (X11; Linux x86_64) AppleWebKit/537.36 (KHTML, like Gecko) Chrome/60.0.3112.90 Safari/537.36"
::1 - - [26/Feb/2019:20:16:43 +0000] "GET /pages/user/user.html HTTP/1.1" 200 3119 "http://localhost:7070/" "Mozilla/5.0 (X11; Linux x86_64) AppleWebKit/537.36 (KHTML, like Gecko) Chrome/60.0.3112.90 Safari/537.36"
::1 - - [26/Feb/2019:20:17:10 +0000] "POST /user HTTP/1.1" 200 235 "http://localhost:7070/" "Mozilla/5.0 (X11; Linux x86_64) AppleWebKit/537.36 (KHTML, like Gecko) Chrome/60.0.3112.90 Safari/537.36"
::1 - - [26/Feb/2019:20:17:10 +0000] "GET /users/ADMIN HTTP/1.1" 200 237 "http://localhost:7070/" "Mozilla/5.0 (X11; Linux x86_64) AppleWebKit/537.36 (KHTML, like Gecko) Chrome/60.0.3112.90 Safari/537.36"
::1 - - [26/Feb/2019:20:37:05 +0000] "PUT /user HTTP/1.1" 404 143 "-" "Mozilla/5.0 (X11; Linux x86_64) AppleWebKit/537.36 (KHTML, like Gecko) Chrome/60.0.3112.90 Safari/537.36"
::1 - - [26/Feb/2019:20:37:12 +0000] "POST /user HTTP/1.1" 400 32 "-" "Mozilla/5.0 (X11; Linux x86_64) AppleWebKit/537.36 (KHTML, like Gecko) Chrome/60.0.3112.90 Safari/537.36"
::1 - - [26/Feb/2019:21:06:27 +0000] "POST /user HTTP/1.1" - - "-" "Mozilla/5.0 (X11; Linux x86_64) AppleWebKit/537.36 (KHTML, like Gecko) Chrome/60.0.3112.90 Safari/537.36"
::1 - - [26/Feb/2019:21:08:37 +0000] "POST /user HTTP/1.1" - - "-" "Mozilla/5.0 (X11; Linux x86_64) AppleWebKit/537.36 (KHTML, like Gecko) Chrome/60.0.3112.90 Safari/537.36"
::1 - - [26/Feb/2019:21:33:09 +0000] "POST /user HTTP/1.1" - - "-" "Mozilla/5.0 (X11; Linux x86_64) AppleWebKit/537.36 (KHTML, like Gecko) Chrome/60.0.3112.90 Safari/537.36"
::1 - - [26/Feb/2019:21:33:57 +0000] "POST /user HTTP/1.1" - - "-" "Mozilla/5.0 (X11; Linux x86_64) AppleWebKit/537.36 (KHTML, like Gecko) Chrome/60.0.3112.90 Safari/537.36"
::1 - - [26/Feb/2019:21:35:26 +0000] "POST /user HTTP/1.1" - - "-" "Mozilla/5.0 (X11; Linux x86_64) AppleWebKit/537.36 (KHTML, like Gecko) Chrome/60.0.3112.90 Safari/537.36"
::1 - - [26/Feb/2019:21:38:02 +0000] "POST /user HTTP/1.1" - - "-" "Mozilla/5.0 (X11; Linux x86_64) AppleWebKit/537.36 (KHTML, like Gecko) Chrome/60.0.3112.90 Safari/537.36"
::1 - - [26/Feb/2019:21:41:07 +0000] "POST /user HTTP/1.1" - - "-" "Mozilla/5.0 (X11; Linux x86_64) AppleWebKit/537.36 (KHTML, like Gecko) Chrome/60.0.3112.90 Safari/537.36"
::1 - - [03/Mar/2019:09:44:45 +0000] "GET / HTTP/1.1" 200 1171 "-" "Mozilla/5.0 (X11; Linux x86_64) AppleWebKit/537.36 (KHTML, like Gecko) Chrome/60.0.3112.90 Safari/537.36"
::1 - - [03/Mar/2019:09:44:45 +0000] "GET /libs/angular-object-table/build/object-table-style.css HTTP/1.1" 200 5074 "http://localhost:7070/" "Mozilla/5.0 (X11; Linux x86_64) AppleWebKit/537.36 (KHTML, like Gecko) Chrome/60.0.3112.90 Safari/537.36"
::1 - - [03/Mar/2019:09:44:45 +0000] "GET /libs/bootstrap/dist/css/bootstrap.css HTTP/1.1" 200 121220 "http://localhost:7070/" "Mozilla/5.0 (X11; Linux x86_64) AppleWebKit/537.36 (KHTML, like Gecko) Chrome/60.0.3112.90 Safari/537.36"
::1 - - [03/Mar/2019:09:44:45 +0000] "GET /libs/jquery/dist/jquery.js HTTP/1.1" 200 257551 "http://localhost:7070/" "Mozilla/5.0 (X11; Linux x86_64) AppleWebKit/537.36 (KHTML, like Gecko) Chrome/60.0.3112.90 Safari/537.36"
::1 - - [03/Mar/2019:09:44:45 +0000] "GET /libs/bootstrap/dist/js/bootstrap.js HTTP/1.1" 200 55258 "http://localhost:7070/" "Mozilla/5.0 (X11; Linux x86_64) AppleWebKit/537.36 (KHTML, like Gecko) Chrome/60.0.3112.90 Safari/537.36"
::1 - - [03/Mar/2019:09:44:45 +0000] "GET /libs/chosen/chosen.css HTTP/1.1" 200 13270 "http://localhost:7070/" "Mozilla/5.0 (X11; Linux x86_64) AppleWebKit/537.36 (KHTML, like Gecko) Chrome/60.0.3112.90 Safari/537.36"
::1 - - [03/Mar/2019:09:44:45 +0000] "GET /libs/chosen/chosen.jquery.js HTTP/1.1" 200 44437 "http://localhost:7070/" "Mozilla/5.0 (X11; Linux x86_64) AppleWebKit/537.36 (KHTML, like Gecko) Chrome/60.0.3112.90 Safari/537.36"
::1 - - [03/Mar/2019:09:44:45 +0000] "GET /libs/angular-object-table/build/object-table.js HTTP/1.1" 200 12641 "http://localhost:7070/" "Mozilla/5.0 (X11; Linux x86_64) AppleWebKit/537.36 (KHTML, like Gecko) Chrome/60.0.3112.90 Safari/537.36"
::1 - - [03/Mar/2019:09:44:45 +0000] "GET /libs/angular-chosen-localytics/dist/angular-chosen.min.js HTTP/1.1" 200 2996 "http://localhost:7070/" "Mozilla/5.0 (X11; Linux x86_64) AppleWebKit/537.36 (KHTML, like Gecko) Chrome/60.0.3112.90 Safari/537.36"
::1 - - [03/Mar/2019:09:44:45 +0000] "GET /libs/angular-resource/angular-resource.js HTTP/1.1" 200 28127 "http://localhost:7070/" "Mozilla/5.0 (X11; Linux x86_64) AppleWebKit/537.36 (KHTML, like Gecko) Chrome/60.0.3112.90 Safari/537.36"
::1 - - [03/Mar/2019:09:44:46 +0000] "GET /libs/angular/angular.js HTTP/1.1" 200 1100452 "http://localhost:7070/" "Mozilla/5.0 (X11; Linux x86_64) AppleWebKit/537.36 (KHTML, like Gecko) Chrome/60.0.3112.90 Safari/537.36"
::1 - - [03/Mar/2019:09:44:46 +0000] "GET /libs/angular-ui-router/release/angular-ui-router.js HTTP/1.1" 200 169870 "http://localhost:7070/" "Mozilla/5.0 (X11; Linux x86_64) AppleWebKit/537.36 (KHTML, like Gecko) Chrome/60.0.3112.90 Safari/537.36"
::1 - - [03/Mar/2019:09:44:46 +0000] "GET /libs/angular-bootstrap/ui-bootstrap-tpls.js HTTP/1.1" 200 262969 "http://localhost:7070/" "Mozilla/5.0 (X11; Linux x86_64) AppleWebKit/537.36 (KHTML, like Gecko) Chrome/60.0.3112.90 Safari/537.36"
::1 - - [03/Mar/2019:09:44:46 +0000] "GET /scripts/angMod.js HTTP/1.1" 200 11676 "http://localhost:7070/" "Mozilla/5.0 (X11; Linux x86_64) AppleWebKit/537.36 (KHTML, like Gecko) Chrome/60.0.3112.90 Safari/537.36"
::1 - - [03/Mar/2019:09:44:46 +0000] "GET /pages/general/login.html HTTP/1.1" 200 2709 "http://localhost:7070/" "Mozilla/5.0 (X11; Linux x86_64) AppleWebKit/537.36 (KHTML, like Gecko) Chrome/60.0.3112.90 Safari/537.36"
::1 - - [03/Mar/2019:09:44:46 +0000] "GET /favicon.ico HTTP/1.1" 404 150 "http://localhost:7070/" "Mozilla/5.0 (X11; Linux x86_64) AppleWebKit/537.36 (KHTML, like Gecko) Chrome/60.0.3112.90 Safari/537.36"
::1 - - [03/Mar/2019:09:44:56 +0000] "GET /libs/angular-object-table/build/object-table-style.css HTTP/1.1" 304 - "http://localhost:7070/" "Mozilla/5.0 (X11; Linux x86_64) AppleWebKit/537.36 (KHTML, like Gecko) Chrome/60.0.3112.90 Safari/537.36"
::1 - - [03/Mar/2019:09:44:56 +0000] "GET /libs/bootstrap/dist/css/bootstrap.css HTTP/1.1" 304 - "http://localhost:7070/" "Mozilla/5.0 (X11; Linux x86_64) AppleWebKit/537.36 (KHTML, like Gecko) Chrome/60.0.3112.90 Safari/537.36"
::1 - - [03/Mar/2019:09:44:56 +0000] "GET /libs/chosen/chosen.css HTTP/1.1" 304 - "http://localhost:7070/" "Mozilla/5.0 (X11; Linux x86_64) AppleWebKit/537.36 (KHTML, like Gecko) Chrome/60.0.3112.90 Safari/537.36"
::1 - - [03/Mar/2019:09:44:56 +0000] "GET /libs/bootstrap/dist/css/bootstrap.css.map HTTP/1.1" 200 245960 "-" "Mozilla/5.0 (X11; Linux x86_64) AppleWebKit/537.36 (KHTML, like Gecko) Chrome/60.0.3112.90 Safari/537.36"
::1 - - [03/Mar/2019:09:45:07 +0000] "POST /authenticate HTTP/1.1" 200 288 "http://localhost:7070/" "Mozilla/5.0 (X11; Linux x86_64) AppleWebKit/537.36 (KHTML, like Gecko) Chrome/60.0.3112.90 Safari/537.36"
::1 - - [03/Mar/2019:09:45:07 +0000] "GET /loggedInUser HTTP/1.1" 200 288 "http://localhost:7070/" "Mozilla/5.0 (X11; Linux x86_64) AppleWebKit/537.36 (KHTML, like Gecko) Chrome/60.0.3112.90 Safari/537.36"
::1 - - [03/Mar/2019:09:45:07 +0000] "GET /pages/general/menu.html HTTP/1.1" 200 1534 "http://localhost:7070/" "Mozilla/5.0 (X11; Linux x86_64) AppleWebKit/537.36 (KHTML, like Gecko) Chrome/60.0.3112.90 Safari/537.36"
::1 - - [03/Mar/2019:09:45:07 +0000] "GET /pages/user/users.html HTTP/1.1" 200 1856 "http://localhost:7070/" "Mozilla/5.0 (X11; Linux x86_64) AppleWebKit/537.36 (KHTML, like Gecko) Chrome/60.0.3112.90 Safari/537.36"
::1 - - [03/Mar/2019:09:45:07 +0000] "GET /users/ADMIN HTTP/1.1" 200 237 "http://localhost:7070/" "Mozilla/5.0 (X11; Linux x86_64) AppleWebKit/537.36 (KHTML, like Gecko) Chrome/60.0.3112.90 Safari/537.36"
::1 - - [03/Mar/2019:09:45:07 +0000] "GET /libs/bootstrap/dist/fonts/glyphicons-halflings-regular.woff HTTP/1.1" 200 23320 "http://localhost:7070/libs/bootstrap/dist/css/bootstrap.css" "Mozilla/5.0 (X11; Linux x86_64) AppleWebKit/537.36 (KHTML, like Gecko) Chrome/60.0.3112.90 Safari/537.36"
::1 - - [03/Mar/2019:09:57:57 +0000] "POST /user HTTP/1.1" - - "-" "Mozilla/5.0 (X11; Linux x86_64) AppleWebKit/537.36 (KHTML, like Gecko) Chrome/60.0.3112.90 Safari/537.36"
::1 - - [03/Mar/2019:09:58:45 +0000] "POST /user HTTP/1.1" - - "-" "Mozilla/5.0 (X11; Linux x86_64) AppleWebKit/537.36 (KHTML, like Gecko) Chrome/60.0.3112.90 Safari/537.36"
::1 - - [03/Mar/2019:09:58:55 +0000] "POST /user HTTP/1.1" - - "-" "Mozilla/5.0 (X11; Linux x86_64) AppleWebKit/537.36 (KHTML, like Gecko) Chrome/60.0.3112.90 Safari/537.36"
::1 - - [03/Mar/2019:10:08:15 +0000] "POST /user HTTP/1.1" - - "-" "Mozilla/5.0 (X11; Linux x86_64) AppleWebKit/537.36 (KHTML, like Gecko) Chrome/60.0.3112.90 Safari/537.36"
::1 - - [03/Mar/2019:12:50:52 +0000] "POST /user HTTP/1.1" - - "-" "Mozilla/5.0 (X11; Linux x86_64) AppleWebKit/537.36 (KHTML, like Gecko) Chrome/60.0.3112.90 Safari/537.36"
::1 - - [03/Mar/2019:19:34:50 +0000] "POST /user HTTP/1.1" 400 2 "-" "Mozilla/5.0 (X11; Linux x86_64) AppleWebKit/537.36 (KHTML, like Gecko) Chrome/60.0.3112.90 Safari/537.36"
::1 - - [03/Mar/2019:19:39:35 +0000] "POST /user HTTP/1.1" 200 236 "-" "Mozilla/5.0 (X11; Linux x86_64) AppleWebKit/537.36 (KHTML, like Gecko) Chrome/60.0.3112.90 Safari/537.36"
::1 - - [03/Mar/2019:19:40:49 +0000] "GET /pages/book/books.html HTTP/1.1" 200 1749 "http://localhost:7070/" "Mozilla/5.0 (X11; Linux x86_64) AppleWebKit/537.36 (KHTML, like Gecko) Chrome/60.0.3112.90 Safari/537.36"
::1 - - [03/Mar/2019:19:40:49 +0000] "GET /books HTTP/1.1" 200 389 "http://localhost:7070/" "Mozilla/5.0 (X11; Linux x86_64) AppleWebKit/537.36 (KHTML, like Gecko) Chrome/60.0.3112.90 Safari/537.36"
::1 - - [03/Mar/2019:19:40:49 +0000] "GET /users/ADMIN HTTP/1.1" 200 237 "http://localhost:7070/" "Mozilla/5.0 (X11; Linux x86_64) AppleWebKit/537.36 (KHTML, like Gecko) Chrome/60.0.3112.90 Safari/537.36"
::1 - - [03/Mar/2019:19:40:51 +0000] "GET /books HTTP/1.1" 200 389 "http://localhost:7070/" "Mozilla/5.0 (X11; Linux x86_64) AppleWebKit/537.36 (KHTML, like Gecko) Chrome/60.0.3112.90 Safari/537.36"
::1 - - [03/Mar/2019:19:40:52 +0000] "GET /users/ADMIN HTTP/1.1" 200 237 "http://localhost:7070/" "Mozilla/5.0 (X11; Linux x86_64) AppleWebKit/537.36 (KHTML, like Gecko) Chrome/60.0.3112.90 Safari/537.36"
::1 - - [03/Mar/2019:19:40:53 +0000] "GET /books HTTP/1.1" 200 389 "http://localhost:7070/" "Mozilla/5.0 (X11; Linux x86_64) AppleWebKit/537.36 (KHTML, like Gecko) Chrome/60.0.3112.90 Safari/537.36"
::1 - - [03/Mar/2019:19:40:55 +0000] "GET /pages/transaction/transactions.html HTTP/1.1" 200 1464 "http://localhost:7070/" "Mozilla/5.0 (X11; Linux x86_64) AppleWebKit/537.36 (KHTML, like Gecko) Chrome/60.0.3112.90 Safari/537.36"
::1 - - [03/Mar/2019:19:40:55 +0000] "GET /transactions HTTP/1.1" 200 2 "http://localhost:7070/" "Mozilla/5.0 (X11; Linux x86_64) AppleWebKit/537.36 (KHTML, like Gecko) Chrome/60.0.3112.90 Safari/537.36"
::1 - - [03/Mar/2019:19:40:56 +0000] "GET /users/ADMIN HTTP/1.1" 200 237 "http://localhost:7070/" "Mozilla/5.0 (X11; Linux x86_64) AppleWebKit/537.36 (KHTML, like Gecko) Chrome/60.0.3112.90 Safari/537.36"
::1 - - [03/Mar/2019:19:41:23 +0000] "POST /user HTTP/1.1" 200 236 "-" "Mozilla/5.0 (X11; Linux x86_64) AppleWebKit/537.36 (KHTML, like Gecko) Chrome/60.0.3112.90 Safari/537.36"
::1 - - [03/Mar/2019:19:47:49 +0000] "POST /user HTTP/1.1" 200 236 "-" "Mozilla/5.0 (X11; Linux x86_64) AppleWebKit/537.36 (KHTML, like Gecko) Chrome/60.0.3112.90 Safari/537.36"
::1 - - [03/Mar/2019:19:49:48 +0000] "POST /user HTTP/1.1" 200 236 "-" "Mozilla/5.0 (X11; Linux x86_64) AppleWebKit/537.36 (KHTML, like Gecko) Chrome/60.0.3112.90 Safari/537.36"
::1 - - [03/Mar/2019:19:51:20 +0000] "POST /user HTTP/1.1" 200 236 "-" "Mozilla/5.0 (X11; Linux x86_64) AppleWebKit/537.36 (KHTML, like Gecko) Chrome/60.0.3112.90 Safari/537.36"
::1 - - [03/Mar/2019:19:52:02 +0000] "GET /books HTTP/1.1" 200 389 "http://localhost:7070/" "Mozilla/5.0 (X11; Linux x86_64) AppleWebKit/537.36 (KHTML, like Gecko) Chrome/60.0.3112.90 Safari/537.36"
::1 - - [03/Mar/2019:19:52:04 +0000] "GET /users/ADMIN HTTP/1.1" 200 237 "http://localhost:7070/" "Mozilla/5.0 (X11; Linux x86_64) AppleWebKit/537.36 (KHTML, like Gecko) Chrome/60.0.3112.90 Safari/537.36"
::1 - - [03/Mar/2019:19:52:13 +0000] "GET /users/NORMAL HTTP/1.1" 200 1185 "http://localhost:7070/" "Mozilla/5.0 (X11; Linux x86_64) AppleWebKit/537.36 (KHTML, like Gecko) Chrome/60.0.3112.90 Safari/537.36"
::1 - - [03/Mar/2019:19:53:37 +0000] "GET /users/ADMIN HTTP/1.1" 200 237 "http://localhost:7070/" "Mozilla/5.0 (X11; Linux x86_64) AppleWebKit/537.36 (KHTML, like Gecko) Chrome/60.0.3112.90 Safari/537.36"
::1 - - [03/Mar/2019:19:53:38 +0000] "GET /users/NORMAL HTTP/1.1" 200 237 "http://localhost:7070/" "Mozilla/5.0 (X11; Linux x86_64) AppleWebKit/537.36 (KHTML, like Gecko) Chrome/60.0.3112.90 Safari/537.36"
::1 - - [03/Mar/2019:19:53:58 +0000] "GET /pages/user/user.html HTTP/1.1" 200 3119 "http://localhost:7070/" "Mozilla/5.0 (X11; Linux x86_64) AppleWebKit/537.36 (KHTML, like Gecko) Chrome/60.0.3112.90 Safari/537.36"
::1 - - [03/Mar/2019:19:54:21 +0000] "POST /user HTTP/1.1" 200 238 "http://localhost:7070/" "Mozilla/5.0 (X11; Linux x86_64) AppleWebKit/537.36 (KHTML, like Gecko) Chrome/60.0.3112.90 Safari/537.36"
::1 - - [03/Mar/2019:19:54:24 +0000] "GET /users/ADMIN HTTP/1.1" 200 237 "http://localhost:7070/" "Mozilla/5.0 (X11; Linux x86_64) AppleWebKit/537.36 (KHTML, like Gecko) Chrome/60.0.3112.90 Safari/537.36"
::1 - - [03/Mar/2019:19:55:14 +0000] "GET /users/NORMAL HTTP/1.1" 200 476 "http://localhost:7070/" "Mozilla/5.0 (X11; Linux x86_64) AppleWebKit/537.36 (KHTML, like Gecko) Chrome/60.0.3112.90 Safari/537.36"
::1 - - [03/Mar/2019:19:55:29 +0000] "GET /users/ADMIN HTTP/1.1" 200 237 "http://localhost:7070/" "Mozilla/5.0 (X11; Linux x86_64) AppleWebKit/537.36 (KHTML, like Gecko) Chrome/60.0.3112.90 Safari/537.36"
::1 - - [03/Mar/2019:19:55:30 +0000] "GET /users/NORMAL HTTP/1.1" 200 237 "http://localhost:7070/" "Mozilla/5.0 (X11; Linux x86_64) AppleWebKit/537.36 (KHTML, like Gecko) Chrome/60.0.3112.90 Safari/537.36"
::1 - - [03/Mar/2019:19:55:56 +0000] "POST /user HTTP/1.1" 200 230 "http://localhost:7070/" "Mozilla/5.0 (X11; Linux x86_64) AppleWebKit/537.36 (KHTML, like Gecko) Chrome/60.0.3112.90 Safari/537.36"
::1 - - [03/Mar/2019:19:56:52 +0000] "GET /users/ADMIN HTTP/1.1" 200 237 "http://localhost:7070/" "Mozilla/5.0 (X11; Linux x86_64) AppleWebKit/537.36 (KHTML, like Gecko) Chrome/60.0.3112.90 Safari/537.36"
::1 - - [03/Mar/2019:19:57:29 +0000] "POST /user HTTP/1.1" 200 233 "http://localhost:7070/" "Mozilla/5.0 (X11; Linux x86_64) AppleWebKit/537.36 (KHTML, like Gecko) Chrome/60.0.3112.90 Safari/537.36"
::1 - - [03/Mar/2019:19:57:42 +0000] "GET /users/ADMIN HTTP/1.1" 200 237 "http://localhost:7070/" "Mozilla/5.0 (X11; Linux x86_64) AppleWebKit/537.36 (KHTML, like Gecko) Chrome/60.0.3112.90 Safari/537.36"
::1 - - [03/Mar/2019:19:59:14 +0000] "POST /user HTTP/1.1" 200 233 "http://localhost:7070/" "Mozilla/5.0 (X11; Linux x86_64) AppleWebKit/537.36 (KHTML, like Gecko) Chrome/60.0.3112.90 Safari/537.36"
::1 - - [03/Mar/2019:19:59:17 +0000] "GET /users/ADMIN HTTP/1.1" 200 237 "http://localhost:7070/" "Mozilla/5.0 (X11; Linux x86_64) AppleWebKit/537.36 (KHTML, like Gecko) Chrome/60.0.3112.90 Safari/537.36"
::1 - - [03/Mar/2019:20:00:01 +0000] "POST /user HTTP/1.1" 200 231 "http://localhost:7070/" "Mozilla/5.0 (X11; Linux x86_64) AppleWebKit/537.36 (KHTML, like Gecko) Chrome/60.0.3112.90 Safari/537.36"
::1 - - [03/Mar/2019:20:00:11 +0000] "GET /users/ADMIN HTTP/1.1" 200 237 "http://localhost:7070/" "Mozilla/5.0 (X11; Linux x86_64) AppleWebKit/537.36 (KHTML, like Gecko) Chrome/60.0.3112.90 Safari/537.36"
::1 - - [03/Mar/2019:20:00:46 +0000] "GET /users/NORMAL HTTP/1.1" 200 1168 "http://localhost:7070/" "Mozilla/5.0 (X11; Linux x86_64) AppleWebKit/537.36 (KHTML, like Gecko) Chrome/60.0.3112.90 Safari/537.36"
::1 - - [03/Mar/2019:20:20:02 +0000] "GET /users/NORMAL HTTP/1.1" - - "-" "Mozilla/5.0 (X11; Linux x86_64) AppleWebKit/537.36 (KHTML, like Gecko) Chrome/60.0.3112.90 Safari/537.36"
::1 - - [03/Mar/2019:20:26:20 +0000] "GET /users/NORMAL HTTP/1.1" - - "-" "Mozilla/5.0 (X11; Linux x86_64) AppleWebKit/537.36 (KHTML, like Gecko) Chrome/60.0.3112.90 Safari/537.36"
::1 - - [07/Mar/2019:18:22:15 +0000] "GET / HTTP/1.1" 200 1171 "-" "Mozilla/5.0 (X11; Linux x86_64) AppleWebKit/537.36 (KHTML, like Gecko) Chrome/60.0.3112.90 Safari/537.36"
::1 - - [07/Mar/2019:18:22:15 +0000] "GET /libs/angular-object-table/build/object-table-style.css HTTP/1.1" 200 5074 "http://localhost:7070/" "Mozilla/5.0 (X11; Linux x86_64) AppleWebKit/537.36 (KHTML, like Gecko) Chrome/60.0.3112.90 Safari/537.36"
::1 - - [07/Mar/2019:18:22:15 +0000] "GET /libs/chosen/chosen.css HTTP/1.1" 200 13270 "http://localhost:7070/" "Mozilla/5.0 (X11; Linux x86_64) AppleWebKit/537.36 (KHTML, like Gecko) Chrome/60.0.3112.90 Safari/537.36"
::1 - - [07/Mar/2019:18:22:15 +0000] "GET /libs/bootstrap/dist/css/bootstrap.css HTTP/1.1" 200 121220 "http://localhost:7070/" "Mozilla/5.0 (X11; Linux x86_64) AppleWebKit/537.36 (KHTML, like Gecko) Chrome/60.0.3112.90 Safari/537.36"
::1 - - [07/Mar/2019:18:22:15 +0000] "GET /libs/bootstrap/dist/js/bootstrap.js HTTP/1.1" 200 55258 "http://localhost:7070/" "Mozilla/5.0 (X11; Linux x86_64) AppleWebKit/537.36 (KHTML, like Gecko) Chrome/60.0.3112.90 Safari/537.36"
::1 - - [07/Mar/2019:18:22:15 +0000] "GET /libs/jquery/dist/jquery.js HTTP/1.1" 200 257551 "http://localhost:7070/" "Mozilla/5.0 (X11; Linux x86_64) AppleWebKit/537.36 (KHTML, like Gecko) Chrome/60.0.3112.90 Safari/537.36"
::1 - - [07/Mar/2019:18:22:15 +0000] "GET /libs/angular-object-table/build/object-table.js HTTP/1.1" 200 12641 "http://localhost:7070/" "Mozilla/5.0 (X11; Linux x86_64) AppleWebKit/537.36 (KHTML, like Gecko) Chrome/60.0.3112.90 Safari/537.36"
::1 - - [07/Mar/2019:18:22:15 +0000] "GET /libs/chosen/chosen.jquery.js HTTP/1.1" 200 44437 "http://localhost:7070/" "Mozilla/5.0 (X11; Linux x86_64) AppleWebKit/537.36 (KHTML, like Gecko) Chrome/60.0.3112.90 Safari/537.36"
::1 - - [07/Mar/2019:18:22:16 +0000] "GET /libs/angular-chosen-localytics/dist/angular-chosen.min.js HTTP/1.1" 200 2996 "http://localhost:7070/" "Mozilla/5.0 (X11; Linux x86_64) AppleWebKit/537.36 (KHTML, like Gecko) Chrome/60.0.3112.90 Safari/537.36"
::1 - - [07/Mar/2019:18:22:16 +0000] "GET /libs/angular-ui-router/release/angular-ui-router.js HTTP/1.1" 200 169870 "http://localhost:7070/" "Mozilla/5.0 (X11; Linux x86_64) AppleWebKit/537.36 (KHTML, like Gecko) Chrome/60.0.3112.90 Safari/537.36"
::1 - - [07/Mar/2019:18:22:16 +0000] "GET /libs/angular-resource/angular-resource.js HTTP/1.1" 200 28127 "http://localhost:7070/" "Mozilla/5.0 (X11; Linux x86_64) AppleWebKit/537.36 (KHTML, like Gecko) Chrome/60.0.3112.90 Safari/537.36"
::1 - - [07/Mar/2019:18:22:16 +0000] "GET /libs/angular-bootstrap/ui-bootstrap-tpls.js HTTP/1.1" 200 262969 "http://localhost:7070/" "Mozilla/5.0 (X11; Linux x86_64) AppleWebKit/537.36 (KHTML, like Gecko) Chrome/60.0.3112.90 Safari/537.36"
::1 - - [07/Mar/2019:18:22:16 +0000] "GET /libs/angular/angular.js HTTP/1.1" 200 1100452 "http://localhost:7070/" "Mozilla/5.0 (X11; Linux x86_64) AppleWebKit/537.36 (KHTML, like Gecko) Chrome/60.0.3112.90 Safari/537.36"
::1 - - [07/Mar/2019:18:22:16 +0000] "GET /scripts/angMod.js HTTP/1.1" 200 11676 "http://localhost:7070/" "Mozilla/5.0 (X11; Linux x86_64) AppleWebKit/537.36 (KHTML, like Gecko) Chrome/60.0.3112.90 Safari/537.36"
::1 - - [07/Mar/2019:18:22:16 +0000] "GET /pages/general/login.html HTTP/1.1" 200 2709 "http://localhost:7070/" "Mozilla/5.0 (X11; Linux x86_64) AppleWebKit/537.36 (KHTML, like Gecko) Chrome/60.0.3112.90 Safari/537.36"
::1 - - [07/Mar/2019:18:22:16 +0000] "GET /favicon.ico HTTP/1.1" 404 150 "http://localhost:7070/" "Mozilla/5.0 (X11; Linux x86_64) AppleWebKit/537.36 (KHTML, like Gecko) Chrome/60.0.3112.90 Safari/537.36"
::1 - - [07/Mar/2019:18:22:25 +0000] "POST /authenticate HTTP/1.1" 200 288 "http://localhost:7070/" "Mozilla/5.0 (X11; Linux x86_64) AppleWebKit/537.36 (KHTML, like Gecko) Chrome/60.0.3112.90 Safari/537.36"
::1 - - [07/Mar/2019:18:22:25 +0000] "GET /loggedInUser HTTP/1.1" 200 288 "http://localhost:7070/" "Mozilla/5.0 (X11; Linux x86_64) AppleWebKit/537.36 (KHTML, like Gecko) Chrome/60.0.3112.90 Safari/537.36"
::1 - - [07/Mar/2019:18:22:25 +0000] "GET /pages/general/menu.html HTTP/1.1" 200 1534 "http://localhost:7070/" "Mozilla/5.0 (X11; Linux x86_64) AppleWebKit/537.36 (KHTML, like Gecko) Chrome/60.0.3112.90 Safari/537.36"
::1 - - [07/Mar/2019:18:22:25 +0000] "GET /pages/user/users.html HTTP/1.1" 200 1856 "http://localhost:7070/" "Mozilla/5.0 (X11; Linux x86_64) AppleWebKit/537.36 (KHTML, like Gecko) Chrome/60.0.3112.90 Safari/537.36"
::1 - - [07/Mar/2019:18:22:31 +0000] "GET /libs/bootstrap/dist/fonts/glyphicons-halflings-regular.woff HTTP/1.1" 200 23320 "http://localhost:7070/libs/bootstrap/dist/css/bootstrap.css" "Mozilla/5.0 (X11; Linux x86_64) AppleWebKit/537.36 (KHTML, like Gecko) Chrome/60.0.3112.90 Safari/537.36"
::1 - - [07/Mar/2019:18:24:26 +0000] "GET /users/ADMIN HTTP/1.1" - - "http://localhost:7070/" "Mozilla/5.0 (X11; Linux x86_64) AppleWebKit/537.36 (KHTML, like Gecko) Chrome/60.0.3112.90 Safari/537.36"
::1 - - [07/Mar/2019:18:24:37 +0000] "GET /users/NORMAL HTTP/1.1" - - "http://localhost:7070/" "Mozilla/5.0 (X11; Linux x86_64) AppleWebKit/537.36 (KHTML, like Gecko) Chrome/60.0.3112.90 Safari/537.36"
::1 - - [07/Mar/2019:18:24:58 +0000] "GET /users/ADMIN HTTP/1.1" - - "http://localhost:7070/" "Mozilla/5.0 (X11; Linux x86_64) AppleWebKit/537.36 (KHTML, like Gecko) Chrome/60.0.3112.90 Safari/537.36"
::1 - - [07/Mar/2019:18:26:26 +0000] "GET /users/ADMIN HTTP/1.1" - - "http://localhost:7070/" "Mozilla/5.0 (X11; Linux x86_64) AppleWebKit/537.36 (KHTML, like Gecko) Chrome/60.0.3112.90 Safari/537.36"
::1 - - [07/Mar/2019:18:26:37 +0000] "GET /users/NORMAL HTTP/1.1" - - "http://localhost:7070/" "Mozilla/5.0 (X11; Linux x86_64) AppleWebKit/537.36 (KHTML, like Gecko) Chrome/60.0.3112.90 Safari/537.36"
::1 - - [07/Mar/2019:18:26:58 +0000] "GET /users/ADMIN HTTP/1.1" - - "http://localhost:7070/" "Mozilla/5.0 (X11; Linux x86_64) AppleWebKit/537.36 (KHTML, like Gecko) Chrome/60.0.3112.90 Safari/537.36"
::1 - - [07/Mar/2019:18:27:52 +0000] "GET /users/NORMAL HTTP/1.1" - - "-" "Mozilla/5.0 (X11; Linux x86_64) AppleWebKit/537.36 (KHTML, like Gecko) Chrome/60.0.3112.90 Safari/537.36"
::1 - - [07/Mar/2019:18:29:02 +0000] "GET /users/NORMAL HTTP/1.1" - - "-" "Mozilla/5.0 (X11; Linux x86_64) AppleWebKit/537.36 (KHTML, like Gecko) Chrome/60.0.3112.90 Safari/537.36"
::1 - - [07/Mar/2019:18:29:53 +0000] "GET /users/NORMAL HTTP/1.1" - - "-" "Mozilla/5.0 (X11; Linux x86_64) AppleWebKit/537.36 (KHTML, like Gecko) Chrome/60.0.3112.90 Safari/537.36"
::1 - - [07/Mar/2019:18:39:56 +0000] "GET /users/NORMAL HTTP/1.1" 200 2454 "-" "Mozilla/5.0 (X11; Linux x86_64) AppleWebKit/537.36 (KHTML, like Gecko) Chrome/60.0.3112.90 Safari/537.36"
::1 - - [07/Mar/2019:18:42:56 +0000] "GET /users/NORMAL HTTP/1.1" 200 134 "-" "Mozilla/5.0 (X11; Linux x86_64) AppleWebKit/537.36 (KHTML, like Gecko) Chrome/60.0.3112.90 Safari/537.36"
::1 - - [07/Mar/2019:18:43:41 +0000] "GET /users/NORMAL HTTP/1.1" 200 2455 "-" "Mozilla/5.0 (X11; Linux x86_64) AppleWebKit/537.36 (KHTML, like Gecko) Chrome/60.0.3112.90 Safari/537.36"
::1 - - [07/Mar/2019:18:44:20 +0000] "GET /users/NORMAL HTTP/1.1" 200 1201 "-" "Mozilla/5.0 (X11; Linux x86_64) AppleWebKit/537.36 (KHTML, like Gecko) Chrome/60.0.3112.90 Safari/537.36"
::1 - - [07/Mar/2019:18:45:15 +0000] "GET /users/NORMAL HTTP/1.1" 200 996 "-" "Mozilla/5.0 (X11; Linux x86_64) AppleWebKit/537.36 (KHTML, like Gecko) Chrome/60.0.3112.90 Safari/537.36"
::1 - - [07/Mar/2019:18:45:55 +0000] "GET /users/NORMAL HTTP/1.1" 200 998 "-" "Mozilla/5.0 (X11; Linux x86_64) AppleWebKit/537.36 (KHTML, like Gecko) Chrome/60.0.3112.90 Safari/537.36"
::1 - - [07/Mar/2019:18:46:27 +0000] "GET /users/NORMAL HTTP/1.1" 200 135 "-" "Mozilla/5.0 (X11; Linux x86_64) AppleWebKit/537.36 (KHTML, like Gecko) Chrome/60.0.3112.90 Safari/537.36"
::1 - - [07/Mar/2019:18:48:25 +0000] "GET /users/NORMAL HTTP/1.1" 200 134 "-" "Mozilla/5.0 (X11; Linux x86_64) AppleWebKit/537.36 (KHTML, like Gecko) Chrome/60.0.3112.90 Safari/537.36"
::1 - - [07/Mar/2019:18:48:48 +0000] "GET /users/NORMAL HTTP/1.1" 200 134 "-" "Mozilla/5.0 (X11; Linux x86_64) AppleWebKit/537.36 (KHTML, like Gecko) Chrome/60.0.3112.90 Safari/537.36"
::1 - - [07/Mar/2019:18:48:50 +0000] "GET /users/NORMAL HTTP/1.1" 200 134 "-" "Mozilla/5.0 (X11; Linux x86_64) AppleWebKit/537.36 (KHTML, like Gecko) Chrome/60.0.3112.90 Safari/537.36"
::1 - - [07/Mar/2019:18:51:20 +0000] "GET /users/NORMAL HTTP/1.1" 200 134 "-" "Mozilla/5.0 (X11; Linux x86_64) AppleWebKit/537.36 (KHTML, like Gecko) Chrome/60.0.3112.90 Safari/537.36"
::1 - - [07/Mar/2019:18:51:53 +0000] "GET /users/NORMAL HTTP/1.1" 200 2532 "-" "Mozilla/5.0 (X11; Linux x86_64) AppleWebKit/537.36 (KHTML, like Gecko) Chrome/60.0.3112.90 Safari/537.36"
::1 - - [07/Mar/2019:18:52:09 +0000] "GET /users/ADMIN HTTP/1.1" 200 2530 "-" "Mozilla/5.0 (X11; Linux x86_64) AppleWebKit/537.36 (KHTML, like Gecko) Chrome/60.0.3112.90 Safari/537.36"
::1 - - [07/Mar/2019:18:53:45 +0000] "GET /users/ADMIN HTTP/1.1" 200 134 "-" "Mozilla/5.0 (X11; Linux x86_64) AppleWebKit/537.36 (KHTML, like Gecko) Chrome/60.0.3112.90 Safari/537.36"
::1 - - [07/Mar/2019:18:53:51 +0000] "GET /users/NORMAL HTTP/1.1" 200 2531 "-" "Mozilla/5.0 (X11; Linux x86_64) AppleWebKit/537.36 (KHTML, like Gecko) Chrome/60.0.3112.90 Safari/537.36"
::1 - - [07/Mar/2019:18:54:14 +0000] "GET /users/NORMAL HTTP/1.1" 200 1168 "-" "Mozilla/5.0 (X11; Linux x86_64) AppleWebKit/537.36 (KHTML, like Gecko) Chrome/60.0.3112.90 Safari/537.36"
::1 - - [07/Mar/2019:18:54:54 +0000] "GET /users/NORMAL HTTP/1.1" 200 2530 "-" "Mozilla/5.0 (X11; Linux x86_64) AppleWebKit/537.36 (KHTML, like Gecko) Chrome/60.0.3112.90 Safari/537.36"
::1 - - [07/Mar/2019:19:45:07 +0000] "GET /users/NORMAL HTTP/1.1" 200 1844 "-" "Mozilla/5.0 (X11; Linux x86_64) AppleWebKit/537.36 (KHTML, like Gecko) Chrome/60.0.3112.90 Safari/537.36"
::1 - - [07/Mar/2019:19:45:33 +0000] "GET /users/NORMAL HTTP/1.1" 200 1844 "http://localhost:7070/" "Mozilla/5.0 (X11; Linux x86_64) AppleWebKit/537.36 (KHTML, like Gecko) Chrome/60.0.3112.90 Safari/537.36"
::1 - - [07/Mar/2019:19:45:47 +0000] "GET /pages/user/user.html HTTP/1.1" 200 3119 "http://localhost:7070/" "Mozilla/5.0 (X11; Linux x86_64) AppleWebKit/537.36 (KHTML, like Gecko) Chrome/60.0.3112.90 Safari/537.36"
::1 - - [07/Mar/2019:19:46:08 +0000] "POST /user HTTP/1.1" 200 235 "http://localhost:7070/" "Mozilla/5.0 (X11; Linux x86_64) AppleWebKit/537.36 (KHTML, like Gecko) Chrome/60.0.3112.90 Safari/537.36"
::1 - - [07/Mar/2019:19:46:08 +0000] "GET /users/ADMIN HTTP/1.1" 200 136 "http://localhost:7070/" "Mozilla/5.0 (X11; Linux x86_64) AppleWebKit/537.36 (KHTML, like Gecko) Chrome/60.0.3112.90 Safari/537.36"
::1 - - [07/Mar/2019:19:46:11 +0000] "GET /users/NORMAL HTTP/1.1" 200 2075 "http://localhost:7070/" "Mozilla/5.0 (X11; Linux x86_64) AppleWebKit/537.36 (KHTML, like Gecko) Chrome/60.0.3112.90 Safari/537.36"
::1 - - [07/Mar/2019:19:46:59 +0000] "GET /users/ADMIN HTTP/1.1" 200 135 "http://localhost:7070/" "Mozilla/5.0 (X11; Linux x86_64) AppleWebKit/537.36 (KHTML, like Gecko) Chrome/60.0.3112.90 Safari/537.36"
::1 - - [07/Mar/2019:19:47:08 +0000] "GET /users/ADMIN HTTP/1.1" 200 135 "-" "Mozilla/5.0 (X11; Linux x86_64) AppleWebKit/537.36 (KHTML, like Gecko) Chrome/60.0.3112.90 Safari/537.36"
::1 - - [07/Mar/2019:19:47:49 +0000] "GET /users/ADMIN HTTP/1.1" 200 2 "-" "Mozilla/5.0 (X11; Linux x86_64) AppleWebKit/537.36 (KHTML, like Gecko) Chrome/60.0.3112.90 Safari/537.36"
::1 - - [07/Mar/2019:19:47:54 +0000] "GET /users/NORMAL HTTP/1.1" 304 - "http://localhost:7070/" "Mozilla/5.0 (X11; Linux x86_64) AppleWebKit/537.36 (KHTML, like Gecko) Chrome/60.0.3112.90 Safari/537.36"
::1 - - [07/Mar/2019:19:48:27 +0000] "POST /user HTTP/1.1" 200 291 "http://localhost:7070/" "Mozilla/5.0 (X11; Linux x86_64) AppleWebKit/537.36 (KHTML, like Gecko) Chrome/60.0.3112.90 Safari/537.36"
::1 - - [07/Mar/2019:19:48:28 +0000] "GET /users/ADMIN HTTP/1.1" 200 2 "http://localhost:7070/" "Mozilla/5.0 (X11; Linux x86_64) AppleWebKit/537.36 (KHTML, like Gecko) Chrome/60.0.3112.90 Safari/537.36"
::1 - - [07/Mar/2019:19:48:35 +0000] "GET /users/NORMAL HTTP/1.1" 200 2075 "http://localhost:7070/" "Mozilla/5.0 (X11; Linux x86_64) AppleWebKit/537.36 (KHTML, like Gecko) Chrome/60.0.3112.90 Safari/537.36"
::1 - - [07/Mar/2019:19:48:36 +0000] "GET /users/ADMIN HTTP/1.1" 200 288 "http://localhost:7070/" "Mozilla/5.0 (X11; Linux x86_64) AppleWebKit/537.36 (KHTML, like Gecko) Chrome/60.0.3112.90 Safari/537.36"
::1 - - [07/Mar/2019:19:49:26 +0000] "GET /users/NORMAL HTTP/1.1" 304 - "http://localhost:7070/" "Mozilla/5.0 (X11; Linux x86_64) AppleWebKit/537.36 (KHTML, like Gecko) Chrome/60.0.3112.90 Safari/537.36"
::1 - - [07/Mar/2019:19:49:29 +0000] "GET /user HTTP/1.1" 404 143 "http://localhost:7070/" "Mozilla/5.0 (X11; Linux x86_64) AppleWebKit/537.36 (KHTML, like Gecko) Chrome/60.0.3112.90 Safari/537.36"
::1 - - [07/Mar/2019:19:49:34 +0000] "GET /libs/angular-object-table/build/object-table-style.css HTTP/1.1" 304 - "http://localhost:7070/" "Mozilla/5.0 (X11; Linux x86_64) AppleWebKit/537.36 (KHTML, like Gecko) Chrome/60.0.3112.90 Safari/537.36"
::1 - - [07/Mar/2019:19:49:34 +0000] "GET /libs/chosen/chosen.css HTTP/1.1" 304 - "http://localhost:7070/" "Mozilla/5.0 (X11; Linux x86_64) AppleWebKit/537.36 (KHTML, like Gecko) Chrome/60.0.3112.90 Safari/537.36"
::1 - - [07/Mar/2019:19:49:34 +0000] "GET /libs/bootstrap/dist/css/bootstrap.css HTTP/1.1" 304 - "http://localhost:7070/" "Mozilla/5.0 (X11; Linux x86_64) AppleWebKit/537.36 (KHTML, like Gecko) Chrome/60.0.3112.90 Safari/537.36"
::1 - - [07/Mar/2019:19:49:34 +0000] "GET /libs/bootstrap/dist/css/bootstrap.css.map HTTP/1.1" 200 245960 "-" "Mozilla/5.0 (X11; Linux x86_64) AppleWebKit/537.36 (KHTML, like Gecko) Chrome/60.0.3112.90 Safari/537.36"
::1 - - [07/Mar/2019:19:49:36 +0000] "GET /users/ADMIN HTTP/1.1" 200 288 "http://localhost:7070/" "Mozilla/5.0 (X11; Linux x86_64) AppleWebKit/537.36 (KHTML, like Gecko) Chrome/60.0.3112.90 Safari/537.36"
::1 - - [07/Mar/2019:19:50:01 +0000] "GET /user HTTP/1.1" 404 143 "http://localhost:7070/" "Mozilla/5.0 (X11; Linux x86_64) AppleWebKit/537.36 (KHTML, like Gecko) Chrome/60.0.3112.90 Safari/537.36"
::1 - - [07/Mar/2019:19:50:20 +0000] "GET /users/ADMIN HTTP/1.1" 200 288 "http://localhost:7070/" "Mozilla/5.0 (X11; Linux x86_64) AppleWebKit/537.36 (KHTML, like Gecko) Chrome/60.0.3112.90 Safari/537.36"
::1 - - [07/Mar/2019:19:50:56 +0000] "GET /user HTTP/1.1" 404 143 "http://localhost:7070/" "Mozilla/5.0 (X11; Linux x86_64) AppleWebKit/537.36 (KHTML, like Gecko) Chrome/60.0.3112.90 Safari/537.36"
::1 - - [07/Mar/2019:19:51:52 +0000] "GET /users/ADMIN HTTP/1.1" 200 288 "http://localhost:7070/" "Mozilla/5.0 (X11; Linux x86_64) AppleWebKit/537.36 (KHTML, like Gecko) Chrome/60.0.3112.90 Safari/537.36"
::1 - - [07/Mar/2019:19:52:24 +0000] "GET /users/ADMIN HTTP/1.1" 200 483 "http://localhost:7070/" "Mozilla/5.0 (X11; Linux x86_64) AppleWebKit/537.36 (KHTML, like Gecko) Chrome/60.0.3112.90 Safari/537.36"
::1 - - [07/Mar/2019:19:53:16 +0000] "GET /users/NORMAL HTTP/1.1" 200 2084 "http://localhost:7070/" "Mozilla/5.0 (X11; Linux x86_64) AppleWebKit/537.36 (KHTML, like Gecko) Chrome/60.0.3112.90 Safari/537.36"
::1 - - [07/Mar/2019:19:53:17 +0000] "GET /users/ADMIN HTTP/1.1" 200 289 "http://localhost:7070/" "Mozilla/5.0 (X11; Linux x86_64) AppleWebKit/537.36 (KHTML, like Gecko) Chrome/60.0.3112.90 Safari/537.36"
::1 - - [07/Mar/2019:19:53:21 +0000] "GET /user/7rmzWWkBWUZBmr6fK5Ia HTTP/1.1" 500 43 "http://localhost:7070/" "Mozilla/5.0 (X11; Linux x86_64) AppleWebKit/537.36 (KHTML, like Gecko) Chrome/60.0.3112.90 Safari/537.36"
::1 - - [07/Mar/2019:19:56:43 +0000] "GET /user/7rmzWWkBWUZBmr6fK5Ia HTTP/1.1" 200 289 "-" "Mozilla/5.0 (X11; Linux x86_64) AppleWebKit/537.36 (KHTML, like Gecko) Chrome/60.0.3112.90 Safari/537.36"
::1 - - [07/Mar/2019:19:56:50 +0000] "GET /users/ADMIN HTTP/1.1" 200 289 "http://localhost:7070/" "Mozilla/5.0 (X11; Linux x86_64) AppleWebKit/537.36 (KHTML, like Gecko) Chrome/60.0.3112.90 Safari/537.36"
::1 - - [07/Mar/2019:19:56:52 +0000] "GET /user/7rmzWWkBWUZBmr6fK5Ia HTTP/1.1" 200 289 "http://localhost:7070/" "Mozilla/5.0 (X11; Linux x86_64) AppleWebKit/537.36 (KHTML, like Gecko) Chrome/60.0.3112.90 Safari/537.36"
::1 - - [07/Mar/2019:19:57:30 +0000] "GET /users/ADMIN HTTP/1.1" 200 289 "http://localhost:7070/" "Mozilla/5.0 (X11; Linux x86_64) AppleWebKit/537.36 (KHTML, like Gecko) Chrome/60.0.3112.90 Safari/537.36"
::1 - - [07/Mar/2019:19:57:32 +0000] "GET /user/7rmzWWkBWUZBmr6fK5Ia HTTP/1.1" 500 43 "http://localhost:7070/" "Mozilla/5.0 (X11; Linux x86_64) AppleWebKit/537.36 (KHTML, like Gecko) Chrome/60.0.3112.90 Safari/537.36"
::1 - - [07/Mar/2019:19:57:46 +0000] "GET /users/ADMIN HTTP/1.1" 200 289 "http://localhost:7070/" "Mozilla/5.0 (X11; Linux x86_64) AppleWebKit/537.36 (KHTML, like Gecko) Chrome/60.0.3112.90 Safari/537.36"
::1 - - [07/Mar/2019:19:58:11 +0000] "GET /users/NORMAL HTTP/1.1" 200 1404 "http://localhost:7070/" "Mozilla/5.0 (X11; Linux x86_64) AppleWebKit/537.36 (KHTML, like Gecko) Chrome/60.0.3112.90 Safari/537.36"
::1 - - [07/Mar/2019:19:58:12 +0000] "GET /users/ADMIN HTTP/1.1" 200 483 "http://localhost:7070/" "Mozilla/5.0 (X11; Linux x86_64) AppleWebKit/537.36 (KHTML, like Gecko) Chrome/60.0.3112.90 Safari/537.36"
::1 - - [07/Mar/2019:19:58:19 +0000] "GET /user/5c81758667d15a2aed64ae45 HTTP/1.1" 200 245 "http://localhost:7070/" "Mozilla/5.0 (X11; Linux x86_64) AppleWebKit/537.36 (KHTML, like Gecko) Chrome/60.0.3112.90 Safari/537.36"
::1 - - [07/Mar/2019:20:03:16 +0000] "GET /user/7rmzWWkBWUZBmr6fK5Ia HTTP/1.1" 200 287 "-" "Mozilla/5.0 (X11; Linux x86_64) AppleWebKit/537.36 (KHTML, like Gecko) Chrome/60.0.3112.90 Safari/537.36"
::1 - - [07/Mar/2019:20:03:26 +0000] "GET /users/ADMIN HTTP/1.1" 200 287 "http://localhost:7070/" "Mozilla/5.0 (X11; Linux x86_64) AppleWebKit/537.36 (KHTML, like Gecko) Chrome/60.0.3112.90 Safari/537.36"
::1 - - [07/Mar/2019:20:03:27 +0000] "GET /users/NORMAL HTTP/1.1" 200 - "http://localhost:7070/" "Mozilla/5.0 (X11; Linux x86_64) AppleWebKit/537.36 (KHTML, like Gecko) Chrome/60.0.3112.90 Safari/537.36"
::1 - - [07/Mar/2019:20:03:45 +0000] "GET /users/ADMIN HTTP/1.1" 200 287 "http://localhost:7070/" "Mozilla/5.0 (X11; Linux x86_64) AppleWebKit/537.36 (KHTML, like Gecko) Chrome/60.0.3112.90 Safari/537.36"
::1 - - [07/Mar/2019:20:05:37 +0000] "GET /users/NORMAL HTTP/1.1" 200 2084 "http://localhost:7070/" "Mozilla/5.0 (X11; Linux x86_64) AppleWebKit/537.36 (KHTML, like Gecko) Chrome/60.0.3112.90 Safari/537.36"
::1 - - [07/Mar/2019:20:05:39 +0000] "GET /users/ADMIN HTTP/1.1" 200 289 "http://localhost:7070/" "Mozilla/5.0 (X11; Linux x86_64) AppleWebKit/537.36 (KHTML, like Gecko) Chrome/60.0.3112.90 Safari/537.36"
::1 - - [07/Mar/2019:20:05:41 +0000] "GET /user/7rmzWWkBWUZBmr6fK5Ia HTTP/1.1" 200 287 "http://localhost:7070/" "Mozilla/5.0 (X11; Linux x86_64) AppleWebKit/537.36 (KHTML, like Gecko) Chrome/60.0.3112.90 Safari/537.36"
::1 - - [07/Mar/2019:20:06:22 +0000] "GET /pages/book/books.html HTTP/1.1" 200 1749 "http://localhost:7070/" "Mozilla/5.0 (X11; Linux x86_64) AppleWebKit/537.36 (KHTML, like Gecko) Chrome/60.0.3112.90 Safari/537.36"
::1 - - [07/Mar/2019:20:06:22 +0000] "GET /books HTTP/1.1" 200 389 "http://localhost:7070/" "Mozilla/5.0 (X11; Linux x86_64) AppleWebKit/537.36 (KHTML, like Gecko) Chrome/60.0.3112.90 Safari/537.36"
::1 - - [07/Mar/2019:20:06:23 +0000] "GET /users/ADMIN HTTP/1.1" 200 289 "http://localhost:7070/" "Mozilla/5.0 (X11; Linux x86_64) AppleWebKit/537.36 (KHTML, like Gecko) Chrome/60.0.3112.90 Safari/537.36"
::1 - - [07/Mar/2019:20:06:26 +0000] "GET /users/NORMAL HTTP/1.1" 200 2084 "http://localhost:7070/" "Mozilla/5.0 (X11; Linux x86_64) AppleWebKit/537.36 (KHTML, like Gecko) Chrome/60.0.3112.90 Safari/537.36"
::1 - - [07/Mar/2019:20:06:30 +0000] "GET /user/5c7c3206d591d51fd144764a HTTP/1.1" 200 233 "http://localhost:7070/" "Mozilla/5.0 (X11; Linux x86_64) AppleWebKit/537.36 (KHTML, like Gecko) Chrome/60.0.3112.90 Safari/537.36"
::1 - - [07/Mar/2019:20:06:33 +0000] "GET /users/ADMIN HTTP/1.1" 200 289 "http://localhost:7070/" "Mozilla/5.0 (X11; Linux x86_64) AppleWebKit/537.36 (KHTML, like Gecko) Chrome/60.0.3112.90 Safari/537.36"
::1 - - [07/Mar/2019:20:06:34 +0000] "GET /user/7rmzWWkBWUZBmr6fK5Ia HTTP/1.1" 200 287 "http://localhost:7070/" "Mozilla/5.0 (X11; Linux x86_64) AppleWebKit/537.36 (KHTML, like Gecko) Chrome/60.0.3112.90 Safari/537.36"
::1 - - [07/Mar/2019:20:06:38 +0000] "GET /users/ADMIN HTTP/1.1" 200 289 "http://localhost:7070/" "Mozilla/5.0 (X11; Linux x86_64) AppleWebKit/537.36 (KHTML, like Gecko) Chrome/60.0.3112.90 Safari/537.36"
::1 - - [07/Mar/2019:20:06:41 +0000] "GET /user/7rmzWWkBWUZBmr6fK5Ia HTTP/1.1" 200 287 "http://localhost:7070/" "Mozilla/5.0 (X11; Linux x86_64) AppleWebKit/537.36 (KHTML, like Gecko) Chrome/60.0.3112.90 Safari/537.36"
::1 - - [27/Mar/2019:19:25:32 +0000] "GET / HTTP/1.1" 200 1171 "-" "Mozilla/5.0 (X11; Linux x86_64) AppleWebKit/537.36 (KHTML, like Gecko) Chrome/73.0.3683.86 Safari/537.36"
::1 - - [27/Mar/2019:19:25:32 +0000] "GET /libs/angular-object-table/build/object-table-style.css HTTP/1.1" 200 5074 "http://localhost:7070/" "Mozilla/5.0 (X11; Linux x86_64) AppleWebKit/537.36 (KHTML, like Gecko) Chrome/73.0.3683.86 Safari/537.36"
::1 - - [27/Mar/2019:19:25:32 +0000] "GET /libs/bootstrap/dist/css/bootstrap.css HTTP/1.1" 200 121220 "http://localhost:7070/" "Mozilla/5.0 (X11; Linux x86_64) AppleWebKit/537.36 (KHTML, like Gecko) Chrome/73.0.3683.86 Safari/537.36"
::1 - - [27/Mar/2019:19:25:32 +0000] "GET /libs/chosen/chosen.css HTTP/1.1" 200 13270 "http://localhost:7070/" "Mozilla/5.0 (X11; Linux x86_64) AppleWebKit/537.36 (KHTML, like Gecko) Chrome/73.0.3683.86 Safari/537.36"
::1 - - [27/Mar/2019:19:25:32 +0000] "GET /libs/bootstrap/dist/js/bootstrap.js HTTP/1.1" 200 55258 "http://localhost:7070/" "Mozilla/5.0 (X11; Linux x86_64) AppleWebKit/537.36 (KHTML, like Gecko) Chrome/73.0.3683.86 Safari/537.36"
::1 - - [27/Mar/2019:19:25:32 +0000] "GET /libs/jquery/dist/jquery.js HTTP/1.1" 200 257551 "http://localhost:7070/" "Mozilla/5.0 (X11; Linux x86_64) AppleWebKit/537.36 (KHTML, like Gecko) Chrome/73.0.3683.86 Safari/537.36"
::1 - - [27/Mar/2019:19:25:32 +0000] "GET /libs/angular-object-table/build/object-table.js HTTP/1.1" 200 12641 "http://localhost:7070/" "Mozilla/5.0 (X11; Linux x86_64) AppleWebKit/537.36 (KHTML, like Gecko) Chrome/73.0.3683.86 Safari/537.36"
::1 - - [27/Mar/2019:19:25:32 +0000] "GET /libs/chosen/chosen.jquery.js HTTP/1.1" 200 44437 "http://localhost:7070/" "Mozilla/5.0 (X11; Linux x86_64) AppleWebKit/537.36 (KHTML, like Gecko) Chrome/73.0.3683.86 Safari/537.36"
::1 - - [27/Mar/2019:19:25:32 +0000] "GET /libs/angular-ui-router/release/angular-ui-router.js HTTP/1.1" 200 169870 "http://localhost:7070/" "Mozilla/5.0 (X11; Linux x86_64) AppleWebKit/537.36 (KHTML, like Gecko) Chrome/73.0.3683.86 Safari/537.36"
::1 - - [27/Mar/2019:19:25:32 +0000] "GET /libs/angular-chosen-localytics/dist/angular-chosen.min.js HTTP/1.1" 200 2996 "http://localhost:7070/" "Mozilla/5.0 (X11; Linux x86_64) AppleWebKit/537.36 (KHTML, like Gecko) Chrome/73.0.3683.86 Safari/537.36"
::1 - - [27/Mar/2019:19:25:32 +0000] "GET /libs/angular/angular.js HTTP/1.1" 200 1100452 "http://localhost:7070/" "Mozilla/5.0 (X11; Linux x86_64) AppleWebKit/537.36 (KHTML, like Gecko) Chrome/73.0.3683.86 Safari/537.36"
::1 - - [27/Mar/2019:19:25:32 +0000] "GET /libs/angular-resource/angular-resource.js HTTP/1.1" 200 28127 "http://localhost:7070/" "Mozilla/5.0 (X11; Linux x86_64) AppleWebKit/537.36 (KHTML, like Gecko) Chrome/73.0.3683.86 Safari/537.36"
::1 - - [27/Mar/2019:19:25:32 +0000] "GET /libs/angular-bootstrap/ui-bootstrap-tpls.js HTTP/1.1" 200 262969 "http://localhost:7070/" "Mozilla/5.0 (X11; Linux x86_64) AppleWebKit/537.36 (KHTML, like Gecko) Chrome/73.0.3683.86 Safari/537.36"
::1 - - [27/Mar/2019:19:25:32 +0000] "GET /scripts/angMod.js HTTP/1.1" 200 11676 "http://localhost:7070/" "Mozilla/5.0 (X11; Linux x86_64) AppleWebKit/537.36 (KHTML, like Gecko) Chrome/73.0.3683.86 Safari/537.36"
::1 - - [27/Mar/2019:19:25:33 +0000] "GET /pages/general/login.html HTTP/1.1" 200 2709 "http://localhost:7070/" "Mozilla/5.0 (X11; Linux x86_64) AppleWebKit/537.36 (KHTML, like Gecko) Chrome/73.0.3683.86 Safari/537.36"
::1 - - [27/Mar/2019:19:25:33 +0000] "GET /favicon.ico HTTP/1.1" 404 150 "http://localhost:7070/" "Mozilla/5.0 (X11; Linux x86_64) AppleWebKit/537.36 (KHTML, like Gecko) Chrome/73.0.3683.86 Safari/537.36"
::1 - - [27/Mar/2019:19:26:07 +0000] "POST /authenticate HTTP/1.1" 400 46 "http://localhost:7070/" "Mozilla/5.0 (X11; Linux x86_64) AppleWebKit/537.36 (KHTML, like Gecko) Chrome/73.0.3683.86 Safari/537.36"
::1 - - [27/Mar/2019:19:29:33 +0000] "POST /authenticate HTTP/1.1" 400 46 "http://localhost:7070/" "Mozilla/5.0 (X11; Linux x86_64) AppleWebKit/537.36 (KHTML, like Gecko) Chrome/73.0.3683.86 Safari/537.36"
::1 - - [27/Mar/2019:19:29:48 +0000] "POST /authenticate HTTP/1.1" 400 46 "http://localhost:7070/" "Mozilla/5.0 (X11; Linux x86_64) AppleWebKit/537.36 (KHTML, like Gecko) Chrome/73.0.3683.86 Safari/537.36"
::1 - - [27/Mar/2019:19:29:52 +0000] "GET /libs/angular-object-table/build/object-table-style.css HTTP/1.1" 304 - "http://localhost:7070/" "Mozilla/5.0 (X11; Linux x86_64) AppleWebKit/537.36 (KHTML, like Gecko) Chrome/73.0.3683.86 Safari/537.36"
::1 - - [27/Mar/2019:19:29:52 +0000] "GET /libs/bootstrap/dist/css/bootstrap.css HTTP/1.1" 304 - "http://localhost:7070/" "Mozilla/5.0 (X11; Linux x86_64) AppleWebKit/537.36 (KHTML, like Gecko) Chrome/73.0.3683.86 Safari/537.36"
::1 - - [27/Mar/2019:19:29:52 +0000] "GET /libs/chosen/chosen.css HTTP/1.1" 304 - "http://localhost:7070/" "Mozilla/5.0 (X11; Linux x86_64) AppleWebKit/537.36 (KHTML, like Gecko) Chrome/73.0.3683.86 Safari/537.36"
::1 - - [27/Mar/2019:19:29:52 +0000] "GET /libs/bootstrap/dist/css/bootstrap.css.map HTTP/1.1" 200 245960 "-" "Mozilla/5.0 (X11; Linux x86_64) AppleWebKit/537.36 (KHTML, like Gecko) Chrome/73.0.3683.86 Safari/537.36"
::1 - - [27/Mar/2019:19:29:57 +0000] "POST /authenticate HTTP/1.1" 400 46 "http://localhost:7070/" "Mozilla/5.0 (X11; Linux x86_64) AppleWebKit/537.36 (KHTML, like Gecko) Chrome/73.0.3683.86 Safari/537.36"
::1 - - [27/Mar/2019:19:30:25 +0000] "POST /authenticate HTTP/1.1" 200 288 "http://localhost:7070/" "Mozilla/5.0 (X11; Linux x86_64) AppleWebKit/537.36 (KHTML, like Gecko) Chrome/73.0.3683.86 Safari/537.36"
::1 - - [27/Mar/2019:19:30:25 +0000] "GET /loggedInUser HTTP/1.1" 200 288 "http://localhost:7070/" "Mozilla/5.0 (X11; Linux x86_64) AppleWebKit/537.36 (KHTML, like Gecko) Chrome/73.0.3683.86 Safari/537.36"
::1 - - [27/Mar/2019:19:30:25 +0000] "GET /pages/general/menu.html HTTP/1.1" 200 1534 "http://localhost:7070/" "Mozilla/5.0 (X11; Linux x86_64) AppleWebKit/537.36 (KHTML, like Gecko) Chrome/73.0.3683.86 Safari/537.36"
::1 - - [27/Mar/2019:19:30:25 +0000] "GET /pages/user/users.html HTTP/1.1" 200 1856 "http://localhost:7070/" "Mozilla/5.0 (X11; Linux x86_64) AppleWebKit/537.36 (KHTML, like Gecko) Chrome/73.0.3683.86 Safari/537.36"
::1 - - [27/Mar/2019:19:30:25 +0000] "GET /users/ADMIN HTTP/1.1" 200 35 "http://localhost:7070/" "Mozilla/5.0 (X11; Linux x86_64) AppleWebKit/537.36 (KHTML, like Gecko) Chrome/73.0.3683.86 Safari/537.36"
::1 - - [27/Mar/2019:19:30:25 +0000] "GET /libs/bootstrap/dist/fonts/glyphicons-halflings-regular.woff HTTP/1.1" 200 23320 "http://localhost:7070/libs/bootstrap/dist/css/bootstrap.css" "Mozilla/5.0 (X11; Linux x86_64) AppleWebKit/537.36 (KHTML, like Gecko) Chrome/73.0.3683.86 Safari/537.36"
